{"/Users/andelarwanda/Anathole/Andela/portfolio-backend/src/index.js":{"path":"/Users/andelarwanda/Anathole/Andela/portfolio-backend/src/index.js","statementMap":{"0":{"start":{"line":3,"column":0},"end":{"line":5,"column":3}},"1":{"start":{"line":6,"column":0},"end":{"line":6,"column":25}},"2":{"start":{"line":7,"column":15},"end":{"line":7,"column":57}},"3":{"start":{"line":8,"column":16},"end":{"line":8,"column":59}},"4":{"start":{"line":9,"column":12},"end":{"line":9,"column":51}},"5":{"start":{"line":10,"column":14},"end":{"line":10,"column":64}},"6":{"start":{"line":11,"column":14},"end":{"line":11,"column":55}},"7":{"start":{"line":12,"column":12},"end":{"line":12,"column":60}},"8":{"start":{"line":13,"column":18},"end":{"line":13,"column":76}},"9":{"start":{"line":14,"column":13},"end":{"line":14,"column":66}},"10":{"start":{"line":15,"column":16},"end":{"line":15,"column":72}},"11":{"start":{"line":16,"column":16},"end":{"line":16,"column":72}},"12":{"start":{"line":17,"column":13},"end":{"line":17,"column":66}},"13":{"start":{"line":18,"column":16},"end":{"line":18,"column":68}},"14":{"start":{"line":19,"column":13},"end":{"line":19,"column":62}},"15":{"start":{"line":20,"column":14},"end":{"line":20,"column":64}},"16":{"start":{"line":21,"column":14},"end":{"line":21,"column":64}},"17":{"start":{"line":22,"column":22},"end":{"line":22,"column":49}},"18":{"start":{"line":23,"column":19},"end":{"line":23,"column":78}},"19":{"start":{"line":24,"column":39},"end":{"line":24,"column":93}},"20":{"start":{"line":27,"column":12},"end":{"line":27,"column":35}},"21":{"start":{"line":28,"column":0},"end":{"line":28,"column":25}},"22":{"start":{"line":29,"column":0},"end":{"line":29,"column":23}},"23":{"start":{"line":35,"column":0},"end":{"line":35,"column":33}},"24":{"start":{"line":36,"column":0},"end":{"line":38,"column":4}},"25":{"start":{"line":39,"column":0},"end":{"line":39,"column":28}},"26":{"start":{"line":40,"column":0},"end":{"line":40,"column":49}},"27":{"start":{"line":41,"column":0},"end":{"line":41,"column":43}},"28":{"start":{"line":42,"column":0},"end":{"line":42,"column":45}},"29":{"start":{"line":43,"column":0},"end":{"line":43,"column":48}},"30":{"start":{"line":44,"column":0},"end":{"line":44,"column":71}},"31":{"start":{"line":45,"column":0},"end":{"line":45,"column":44}},"32":{"start":{"line":46,"column":0},"end":{"line":46,"column":44}},"33":{"start":{"line":47,"column":0},"end":{"line":47,"column":38}},"34":{"start":{"line":48,"column":0},"end":{"line":48,"column":42}},"35":{"start":{"line":49,"column":0},"end":{"line":53,"column":3}},"36":{"start":{"line":50,"column":2},"end":{"line":52,"column":5}},"37":{"start":{"line":56,"column":0},"end":{"line":60,"column":3}},"38":{"start":{"line":57,"column":2},"end":{"line":57,"column":38}},"39":{"start":{"line":58,"column":13},"end":{"line":58,"column":64}},"40":{"start":{"line":59,"column":2},"end":{"line":59,"column":72}},"41":{"start":{"line":59,"column":25},"end":{"line":59,"column":70}},"42":{"start":{"line":61,"column":15},"end":{"line":61,"column":18}},"43":{"start":{"line":62,"column":0},"end":{"line":62,"column":27}}},"fnMap":{"0":{"name":"_interopRequireDefault","decl":{"start":{"line":24,"column":9},"end":{"line":24,"column":31}},"loc":{"start":{"line":24,"column":37},"end":{"line":24,"column":95}},"line":24},"1":{"name":"(anonymous_1)","decl":{"start":{"line":49,"column":13},"end":{"line":49,"column":14}},"loc":{"start":{"line":49,"column":27},"end":{"line":53,"column":1}},"line":49},"2":{"name":"(anonymous_2)","decl":{"start":{"line":56,"column":42},"end":{"line":56,"column":43}},"loc":{"start":{"line":56,"column":48},"end":{"line":60,"column":1}},"line":56},"3":{"name":"(anonymous_3)","decl":{"start":{"line":59,"column":19},"end":{"line":59,"column":20}},"loc":{"start":{"line":59,"column":25},"end":{"line":59,"column":70}},"line":59}},"branchMap":{"0":{"loc":{"start":{"line":24,"column":46},"end":{"line":24,"column":92}},"type":"cond-expr","locations":[{"start":{"line":24,"column":70},"end":{"line":24,"column":73}},{"start":{"line":24,"column":76},"end":{"line":24,"column":92}}],"line":24},"1":{"loc":{"start":{"line":24,"column":46},"end":{"line":24,"column":67}},"type":"binary-expr","locations":[{"start":{"line":24,"column":46},"end":{"line":24,"column":49}},{"start":{"line":24,"column":53},"end":{"line":24,"column":67}}],"line":24},"2":{"loc":{"start":{"line":58,"column":24},"end":{"line":58,"column":64}},"type":"cond-expr","locations":[{"start":{"line":58,"column":33},"end":{"line":58,"column":37}},{"start":{"line":58,"column":40},"end":{"line":58,"column":64}}],"line":58},"3":{"loc":{"start":{"line":58,"column":40},"end":{"line":58,"column":64}},"type":"binary-expr","locations":[{"start":{"line":58,"column":40},"end":{"line":58,"column":56}},{"start":{"line":58,"column":60},"end":{"line":58,"column":64}}],"line":58}},"s":{"0":1,"1":1,"2":1,"3":1,"4":1,"5":1,"6":1,"7":1,"8":1,"9":1,"10":1,"11":1,"12":1,"13":1,"14":1,"15":1,"16":1,"17":1,"18":1,"19":16,"20":1,"21":1,"22":1,"23":1,"24":1,"25":1,"26":1,"27":1,"28":1,"29":1,"30":1,"31":1,"32":1,"33":1,"34":1,"35":1,"36":2,"37":1,"38":1,"39":1,"40":0,"41":0,"42":1,"43":1},"f":{"0":16,"1":2,"2":1,"3":0},"b":{"0":[8,8],"1":[16,16],"2":[1,0],"3":[0,0]},"inputSourceMap":{"version":3,"names":["app","express","dotenv","config","connectDB","use","json","urlencoded","extended","home","registerRouter","loginRouter","logoutRouter","categoriesRouter","upload","single","blogRouter","contactRouter","commentRouter","userRouter","swaggerDocRouter","all","req","res","status","mongoose","connection","once","console","log","PORT","NODE_ENV","process","env","port","listen"],"sourceRoot":"/Users/andelarwanda/Anathole/Andela/portfolio-backend/src/","sources":["index.js"],"sourcesContent":["import express from 'express';\nimport mongoose from 'mongoose';\nimport cors from 'cors';\nimport connectDB from './config/dbConn';\nimport dotenv from 'dotenv'\n\n// routers\nimport home from './routes/home';\nimport categoriesRouter from './routes/api/categories';\nimport blogRouter from './routes/api/blogs';\nimport contactRouter from './routes/api/contacts';\nimport commentRouter from './routes/api/comments';\nimport userRouter from './routes/api/users';\nimport registerRouter from './routes/register';\nimport loginRouter from './routes/login';\nimport logoutRouter from './routes/logout';\nimport upload from './config/multer';\nimport {swaggerDocRouter} from './documentantion';\nimport corsOptions from './middleware/corsOptions';\n\nconst app = express();\ndotenv.config();\nconnectDB();\n\n\n// Cross Origin Resource Sharing\n// app.use(cors(corsOptions));\n\n// middleware\napp.use(express.json());\napp.use(express.urlencoded({ extended: true }));\n\napp.use('/', home);\n\napp.use('/api/auth/register', registerRouter);\napp.use('/api/auth/login', loginRouter);\napp.use('/api/auth/logout', logoutRouter);\n\napp.use('/api/categories', categoriesRouter);\napp.use('/api/blogs',upload.single('image'), blogRouter);\napp.use('/api/contacts', contactRouter);\napp.use('/api/comments', commentRouter);\napp.use('/api/users', userRouter);\n\napp.use(swaggerDocRouter);\n\napp.all('*', (req, res) => {\n  return  res.status(404).json({ \"error\": \"404 Not Found\" });\n});\n\n// Set `strictQuery` to `false` to prepare for the change\nmongoose.connection.once('open', () => {\n  console.log('Connected to MongoDB');\n  let PORT = NODE_ENV='test' ? 4000 :  process.env.port || 5000;\n  app.listen(PORT, () => console.log(`Server running on port ${PORT}`));\n});\n\nexport default app;"],"mappings":";;;;;;AAAA;AACA;AACA;AACA;AACA;AAGA;AACA;AACA;AACA;AACA;AACA;AACA;AACA;AACA;AACA;AACA;AACA;AAAmD;AAZnD;;AAcA,MAAMA,GAAG,GAAG,IAAAC,gBAAO,GAAE;AACrBC,eAAM,CAACC,MAAM,EAAE;AACf,IAAAC,eAAS,GAAE;;AAGX;AACA;;AAEA;AACAJ,GAAG,CAACK,GAAG,CAACJ,gBAAO,CAACK,IAAI,EAAE,CAAC;AACvBN,GAAG,CAACK,GAAG,CAACJ,gBAAO,CAACM,UAAU,CAAC;EAAEC,QAAQ,EAAE;AAAK,CAAC,CAAC,CAAC;AAE/CR,GAAG,CAACK,GAAG,CAAC,GAAG,EAAEI,aAAI,CAAC;AAElBT,GAAG,CAACK,GAAG,CAAC,oBAAoB,EAAEK,iBAAc,CAAC;AAC7CV,GAAG,CAACK,GAAG,CAAC,iBAAiB,EAAEM,cAAW,CAAC;AACvCX,GAAG,CAACK,GAAG,CAAC,kBAAkB,EAAEO,eAAY,CAAC;AAEzCZ,GAAG,CAACK,GAAG,CAAC,iBAAiB,EAAEQ,mBAAgB,CAAC;AAC5Cb,GAAG,CAACK,GAAG,CAAC,YAAY,EAACS,eAAM,CAACC,MAAM,CAAC,OAAO,CAAC,EAAEC,cAAU,CAAC;AACxDhB,GAAG,CAACK,GAAG,CAAC,eAAe,EAAEY,iBAAa,CAAC;AACvCjB,GAAG,CAACK,GAAG,CAAC,eAAe,EAAEa,iBAAa,CAAC;AACvClB,GAAG,CAACK,GAAG,CAAC,YAAY,EAAEc,cAAU,CAAC;AAEjCnB,GAAG,CAACK,GAAG,CAACe,gCAAgB,CAAC;AAEzBpB,GAAG,CAACqB,GAAG,CAAC,GAAG,EAAE,CAACC,GAAG,EAAEC,GAAG,KAAK;EACzB,OAAQA,GAAG,CAACC,MAAM,CAAC,GAAG,CAAC,CAAClB,IAAI,CAAC;IAAE,OAAO,EAAE;EAAgB,CAAC,CAAC;AAC5D,CAAC,CAAC;;AAEF;AACAmB,iBAAQ,CAACC,UAAU,CAACC,IAAI,CAAC,MAAM,EAAE,MAAM;EACrCC,OAAO,CAACC,GAAG,CAAC,sBAAsB,CAAC;EACnC,IAAIC,IAAI,GAAGC,QAAQ,GAAC,MAAM,GAAG,IAAI,GAAIC,OAAO,CAACC,GAAG,CAACC,IAAI,IAAI,IAAI;EAC7DlC,GAAG,CAACmC,MAAM,CAACL,IAAI,EAAE,MAAMF,OAAO,CAACC,GAAG,CAAE,0BAAyBC,IAAK,EAAC,CAAC,CAAC;AACvE,CAAC,CAAC;AAAC,eAEY9B,GAAG;AAAA"},"_coverageSchema":"1a1c01bbd47fc00a2c39e90264f33305004495a9","hash":"8381b3378b9de2ab0208860884afbc11686c48f6","contentHash":"e0e4a2d52360ce64478e603ae0c6a5eb52c6a472a57456b0a46a6134452412d0"},"/Users/andelarwanda/Anathole/Andela/portfolio-backend/src/config/dbConn.js":{"path":"/Users/andelarwanda/Anathole/Andela/portfolio-backend/src/config/dbConn.js","statementMap":{"0":{"start":{"line":3,"column":0},"end":{"line":5,"column":3}},"1":{"start":{"line":6,"column":0},"end":{"line":6,"column":25}},"2":{"start":{"line":7,"column":16},"end":{"line":7,"column":59}},"3":{"start":{"line":8,"column":14},"end":{"line":8,"column":55}},"4":{"start":{"line":9,"column":39},"end":{"line":9,"column":93}},"5":{"start":{"line":10,"column":0},"end":{"line":10,"column":25}},"6":{"start":{"line":15,"column":4},"end":{"line":15,"column":15}},"7":{"start":{"line":16,"column":18},"end":{"line":26,"column":1}},"8":{"start":{"line":17,"column":2},"end":{"line":25,"column":3}},"9":{"start":{"line":18,"column":4},"end":{"line":18,"column":48}},"10":{"start":{"line":19,"column":4},"end":{"line":22,"column":7}},"11":{"start":{"line":24,"column":4},"end":{"line":24,"column":23}},"12":{"start":{"line":27,"column":15},"end":{"line":27,"column":24}},"13":{"start":{"line":28,"column":0},"end":{"line":28,"column":27}}},"fnMap":{"0":{"name":"_interopRequireDefault","decl":{"start":{"line":9,"column":9},"end":{"line":9,"column":31}},"loc":{"start":{"line":9,"column":37},"end":{"line":9,"column":95}},"line":9},"1":{"name":"(anonymous_1)","decl":{"start":{"line":16,"column":18},"end":{"line":16,"column":19}},"loc":{"start":{"line":16,"column":30},"end":{"line":26,"column":1}},"line":16}},"branchMap":{"0":{"loc":{"start":{"line":9,"column":46},"end":{"line":9,"column":92}},"type":"cond-expr","locations":[{"start":{"line":9,"column":70},"end":{"line":9,"column":73}},{"start":{"line":9,"column":76},"end":{"line":9,"column":92}}],"line":9},"1":{"loc":{"start":{"line":9,"column":46},"end":{"line":9,"column":67}},"type":"binary-expr","locations":[{"start":{"line":9,"column":46},"end":{"line":9,"column":49}},{"start":{"line":9,"column":53},"end":{"line":9,"column":67}}],"line":9},"2":{"loc":{"start":{"line":19,"column":36},"end":{"line":19,"column":90}},"type":"cond-expr","locations":[{"start":{"line":19,"column":58},"end":{"line":19,"column":75}},{"start":{"line":19,"column":78},"end":{"line":19,"column":90}}],"line":19}},"s":{"0":1,"1":1,"2":1,"3":1,"4":2,"5":1,"6":1,"7":1,"8":1,"9":1,"10":1,"11":0,"12":1,"13":1},"f":{"0":2,"1":1},"b":{"0":[0,2],"1":[2,2],"2":[1,0]},"inputSourceMap":{"version":3,"names":["dotenv","config","DATABASE_URI","DATABASE_URI_TEST","NODE_ENV","process","env","connectDB","mongoose","set","connect","useUnifiedTopology","useNewUrlParser","err","console","error"],"sourceRoot":"/Users/andelarwanda/Anathole/Andela/portfolio-backend/src/config/","sources":["dbConn.js"],"sourcesContent":["import mongoose from \"mongoose\";\nimport dotenv from \"dotenv\";\ndotenv.config();\n\nconst {DATABASE_URI, DATABASE_URI_TEST, NODE_ENV} = process.env;\nconst connectDB = async () => {\n    try {\n        mongoose.set('strictQuery', false);\n        await mongoose.connect( NODE_ENV === 'test' ? DATABASE_URI_TEST : DATABASE_URI , {\n            useUnifiedTopology: true,\n            useNewUrlParser: true\n        });\n    } catch (err) {\n        console.error(err);\n    }\n}\n\nexport default connectDB"],"mappings":";;;;;;AAAA;AACA;AAA4B;AAC5BA,eAAM,CAACC,MAAM,EAAE;AAEf,MAAM;EAACC,YAAY;EAAEC,iBAAiB;EAAEC;AAAQ,CAAC,GAAGC,OAAO,CAACC,GAAG;AAC/D,MAAMC,SAAS,GAAG,YAAY;EAC1B,IAAI;IACAC,iBAAQ,CAACC,GAAG,CAAC,aAAa,EAAE,KAAK,CAAC;IAClC,MAAMD,iBAAQ,CAACE,OAAO,CAAEN,QAAQ,KAAK,MAAM,GAAGD,iBAAiB,GAAGD,YAAY,EAAG;MAC7ES,kBAAkB,EAAE,IAAI;MACxBC,eAAe,EAAE;IACrB,CAAC,CAAC;EACN,CAAC,CAAC,OAAOC,GAAG,EAAE;IACVC,OAAO,CAACC,KAAK,CAACF,GAAG,CAAC;EACtB;AACJ,CAAC;AAAA,eAEcN,SAAS;AAAA"},"_coverageSchema":"1a1c01bbd47fc00a2c39e90264f33305004495a9","hash":"f45b356bdc5b8ccac3e1fccc88973b99b1f20891","contentHash":"c4dd0ad7817b4e7d09dd7cf1329639f3c22b520d73f08a8647dc23d96ae7034b"},"/Users/andelarwanda/Anathole/Andela/portfolio-backend/src/routes/home.js":{"path":"/Users/andelarwanda/Anathole/Andela/portfolio-backend/src/routes/home.js","statementMap":{"0":{"start":{"line":3,"column":15},"end":{"line":3,"column":57}},"1":{"start":{"line":4,"column":39},"end":{"line":4,"column":93}},"2":{"start":{"line":5,"column":15},"end":{"line":5,"column":40}},"3":{"start":{"line":6,"column":0},"end":{"line":10,"column":3}},"4":{"start":{"line":7,"column":2},"end":{"line":9,"column":5}},"5":{"start":{"line":11,"column":0},"end":{"line":11,"column":24}}},"fnMap":{"0":{"name":"_interopRequireDefault","decl":{"start":{"line":4,"column":9},"end":{"line":4,"column":31}},"loc":{"start":{"line":4,"column":37},"end":{"line":4,"column":95}},"line":4},"1":{"name":"(anonymous_1)","decl":{"start":{"line":6,"column":33},"end":{"line":6,"column":34}},"loc":{"start":{"line":6,"column":47},"end":{"line":10,"column":1}},"line":6}},"branchMap":{"0":{"loc":{"start":{"line":4,"column":46},"end":{"line":4,"column":92}},"type":"cond-expr","locations":[{"start":{"line":4,"column":70},"end":{"line":4,"column":73}},{"start":{"line":4,"column":76},"end":{"line":4,"column":92}}],"line":4},"1":{"loc":{"start":{"line":4,"column":46},"end":{"line":4,"column":67}},"type":"binary-expr","locations":[{"start":{"line":4,"column":46},"end":{"line":4,"column":49}},{"start":{"line":4,"column":53},"end":{"line":4,"column":67}}],"line":4}},"s":{"0":1,"1":1,"2":1,"3":1,"4":0,"5":1},"f":{"0":1,"1":0},"b":{"0":[0,1],"1":[1,1]},"inputSourceMap":{"version":3,"names":["router","express","Router","get","req","res","status","json","module","exports"],"sourceRoot":"/Users/andelarwanda/Anathole/Andela/portfolio-backend/src/routes/","sources":["home.js"],"sourcesContent":["import express from 'express';\nconst router = express.Router();\n\nrouter.get('^/$|/index(.html)?', (req, res) => {\n    return res.status(200).json({\"message\": \"this should route you homepage\"});\n});\n\nmodule.exports = router;"],"mappings":";;AAAA;AAA8B;AAC9B,MAAMA,MAAM,GAAGC,gBAAO,CAACC,MAAM,EAAE;AAE/BF,MAAM,CAACG,GAAG,CAAC,oBAAoB,EAAE,CAACC,GAAG,EAAEC,GAAG,KAAK;EAC3C,OAAOA,GAAG,CAACC,MAAM,CAAC,GAAG,CAAC,CAACC,IAAI,CAAC;IAAC,SAAS,EAAE;EAAgC,CAAC,CAAC;AAC9E,CAAC,CAAC;AAEFC,MAAM,CAACC,OAAO,GAAGT,MAAM"},"_coverageSchema":"1a1c01bbd47fc00a2c39e90264f33305004495a9","hash":"f689520e9c8937bf89eff5224ddd972314745f16","contentHash":"26ee915b549564d4117ca01e934f5bdbffa92631be4e0edc0e818e9d85b6a310"},"/Users/andelarwanda/Anathole/Andela/portfolio-backend/src/routes/api/categories.js":{"path":"/Users/andelarwanda/Anathole/Andela/portfolio-backend/src/routes/api/categories.js","statementMap":{"0":{"start":{"line":3,"column":0},"end":{"line":5,"column":3}},"1":{"start":{"line":6,"column":0},"end":{"line":6,"column":25}},"2":{"start":{"line":7,"column":15},"end":{"line":7,"column":57}},"3":{"start":{"line":8,"column":28},"end":{"line":8,"column":101}},"4":{"start":{"line":9,"column":17},"end":{"line":9,"column":78}},"5":{"start":{"line":10,"column":39},"end":{"line":10,"column":93}},"6":{"start":{"line":11,"column":15},"end":{"line":11,"column":40}},"7":{"start":{"line":12,"column":0},"end":{"line":12,"column":73}},"8":{"start":{"line":13,"column":0},"end":{"line":13,"column":95}},"9":{"start":{"line":14,"column":0},"end":{"line":14,"column":94}},"10":{"start":{"line":15,"column":0},"end":{"line":15,"column":97}},"11":{"start":{"line":16,"column":0},"end":{"line":16,"column":68}},"12":{"start":{"line":17,"column":15},"end":{"line":17,"column":21}},"13":{"start":{"line":18,"column":0},"end":{"line":18,"column":27}}},"fnMap":{"0":{"name":"_interopRequireDefault","decl":{"start":{"line":10,"column":9},"end":{"line":10,"column":31}},"loc":{"start":{"line":10,"column":37},"end":{"line":10,"column":95}},"line":10}},"branchMap":{"0":{"loc":{"start":{"line":10,"column":46},"end":{"line":10,"column":92}},"type":"cond-expr","locations":[{"start":{"line":10,"column":70},"end":{"line":10,"column":73}},{"start":{"line":10,"column":76},"end":{"line":10,"column":92}}],"line":10},"1":{"loc":{"start":{"line":10,"column":46},"end":{"line":10,"column":67}},"type":"binary-expr","locations":[{"start":{"line":10,"column":46},"end":{"line":10,"column":49}},{"start":{"line":10,"column":53},"end":{"line":10,"column":67}}],"line":10}},"s":{"0":1,"1":1,"2":1,"3":1,"4":1,"5":3,"6":1,"7":1,"8":1,"9":1,"10":1,"11":1,"12":1,"13":1},"f":{"0":3},"b":{"0":[2,1],"1":[3,3]},"inputSourceMap":{"version":3,"names":["router","express","Router","route","get","CategoriesController","getAllCategories","post","verfyJWT","createNewCategory","put","updateCategory","delete","deleteCategory","getCategory"],"sourceRoot":"/Users/andelarwanda/Anathole/Andela/portfolio-backend/src/routes/api/","sources":["categories.js"],"sourcesContent":["import express from 'express';\nimport CategoriesController from '../../controllers/CategoriesController';\nimport verfyJWT from '../../middleware/verifyJWT';\n\nconst router = express.Router();\nrouter.route('/all').get(CategoriesController.getAllCategories);\nrouter.route('/add').post(verfyJWT, CategoriesController.createNewCategory);\nrouter.route('/update').put(verfyJWT, CategoriesController.updateCategory);\nrouter.route('/delete').delete(verfyJWT, CategoriesController.deleteCategory);\n\nrouter.route('/:id')\n  .get(CategoriesController.getCategory);\n\nexport default router;\n"],"mappings":";;;;;;AAAA;AACA;AACA;AAAkD;AAElD,MAAMA,MAAM,GAAGC,gBAAO,CAACC,MAAM,EAAE;AAC/BF,MAAM,CAACG,KAAK,CAAC,MAAM,CAAC,CAACC,GAAG,CAACC,6BAAoB,CAACC,gBAAgB,CAAC;AAC/DN,MAAM,CAACG,KAAK,CAAC,MAAM,CAAC,CAACI,IAAI,CAACC,kBAAQ,EAAEH,6BAAoB,CAACI,iBAAiB,CAAC;AAC3ET,MAAM,CAACG,KAAK,CAAC,SAAS,CAAC,CAACO,GAAG,CAACF,kBAAQ,EAAEH,6BAAoB,CAACM,cAAc,CAAC;AAC1EX,MAAM,CAACG,KAAK,CAAC,SAAS,CAAC,CAACS,MAAM,CAACJ,kBAAQ,EAAEH,6BAAoB,CAACQ,cAAc,CAAC;AAE7Eb,MAAM,CAACG,KAAK,CAAC,MAAM,CAAC,CACjBC,GAAG,CAACC,6BAAoB,CAACS,WAAW,CAAC;AAAC,eAE1Bd,MAAM;AAAA"},"_coverageSchema":"1a1c01bbd47fc00a2c39e90264f33305004495a9","hash":"f23b03da4bc042612c09ae423d13e2c056b9ea7b","contentHash":"d8da85a9aa8902ace6347735b21f3fc59fcf50de158a18da24a0985f8370b827"},"/Users/andelarwanda/Anathole/Andela/portfolio-backend/src/controllers/CategoriesController.js":{"path":"/Users/andelarwanda/Anathole/Andela/portfolio-backend/src/controllers/CategoriesController.js","statementMap":{"0":{"start":{"line":3,"column":0},"end":{"line":5,"column":3}},"1":{"start":{"line":6,"column":0},"end":{"line":6,"column":25}},"2":{"start":{"line":7,"column":16},"end":{"line":7,"column":69}},"3":{"start":{"line":8,"column":16},"end":{"line":8,"column":59}},"4":{"start":{"line":9,"column":39},"end":{"line":9,"column":93}},"5":{"start":{"line":14,"column":4},"end":{"line":14,"column":27}},"6":{"start":{"line":15,"column":25},"end":{"line":21,"column":1}},"7":{"start":{"line":16,"column":21},"end":{"line":16,"column":51}},"8":{"start":{"line":17,"column":2},"end":{"line":19,"column":5}},"9":{"start":{"line":17,"column":19},"end":{"line":19,"column":5}},"10":{"start":{"line":20,"column":2},"end":{"line":20,"column":23}},"11":{"start":{"line":22,"column":26},"end":{"line":36,"column":1}},"12":{"start":{"line":23,"column":2},"end":{"line":27,"column":3}},"13":{"start":{"line":24,"column":4},"end":{"line":26,"column":7}},"14":{"start":{"line":28,"column":17},"end":{"line":31,"column":4}},"15":{"start":{"line":32,"column":2},"end":{"line":35,"column":5}},"16":{"start":{"line":37,"column":23},"end":{"line":55,"column":1}},"17":{"start":{"line":38,"column":2},"end":{"line":42,"column":3}},"18":{"start":{"line":39,"column":4},"end":{"line":41,"column":7}},"19":{"start":{"line":43,"column":19},"end":{"line":45,"column":11}},"20":{"start":{"line":46,"column":2},"end":{"line":50,"column":3}},"21":{"start":{"line":47,"column":4},"end":{"line":49,"column":7}},"22":{"start":{"line":51,"column":2},"end":{"line":51,"column":52}},"23":{"start":{"line":51,"column":22},"end":{"line":51,"column":52}},"24":{"start":{"line":52,"column":2},"end":{"line":52,"column":58}},"25":{"start":{"line":52,"column":24},"end":{"line":52,"column":58}},"26":{"start":{"line":53,"column":17},"end":{"line":53,"column":38}},"27":{"start":{"line":54,"column":2},"end":{"line":54,"column":31}},"28":{"start":{"line":56,"column":23},"end":{"line":78,"column":1}},"29":{"start":{"line":57,"column":2},"end":{"line":59,"column":5}},"30":{"start":{"line":57,"column":22},"end":{"line":59,"column":5}},"31":{"start":{"line":60,"column":2},"end":{"line":64,"column":3}},"32":{"start":{"line":61,"column":4},"end":{"line":63,"column":7}},"33":{"start":{"line":66,"column":19},"end":{"line":68,"column":11}},"34":{"start":{"line":69,"column":2},"end":{"line":73,"column":3}},"35":{"start":{"line":70,"column":4},"end":{"line":72,"column":7}},"36":{"start":{"line":74,"column":17},"end":{"line":74,"column":43}},"37":{"start":{"line":75,"column":2},"end":{"line":77,"column":5}},"38":{"start":{"line":79,"column":20},"end":{"line":98,"column":1}},"39":{"start":{"line":80,"column":2},"end":{"line":82,"column":5}},"40":{"start":{"line":80,"column":24},"end":{"line":82,"column":5}},"41":{"start":{"line":83,"column":2},"end":{"line":87,"column":3}},"42":{"start":{"line":84,"column":4},"end":{"line":86,"column":7}},"43":{"start":{"line":89,"column":19},"end":{"line":91,"column":11}},"44":{"start":{"line":92,"column":2},"end":{"line":96,"column":3}},"45":{"start":{"line":93,"column":4},"end":{"line":95,"column":7}},"46":{"start":{"line":97,"column":2},"end":{"line":97,"column":21}},"47":{"start":{"line":99,"column":15},"end":{"line":105,"column":1}},"48":{"start":{"line":106,"column":0},"end":{"line":106,"column":27}}},"fnMap":{"0":{"name":"_interopRequireDefault","decl":{"start":{"line":9,"column":9},"end":{"line":9,"column":31}},"loc":{"start":{"line":9,"column":37},"end":{"line":9,"column":95}},"line":9},"1":{"name":"(anonymous_1)","decl":{"start":{"line":15,"column":25},"end":{"line":15,"column":26}},"loc":{"start":{"line":15,"column":45},"end":{"line":21,"column":1}},"line":15},"2":{"name":"(anonymous_2)","decl":{"start":{"line":22,"column":26},"end":{"line":22,"column":27}},"loc":{"start":{"line":22,"column":46},"end":{"line":36,"column":1}},"line":22},"3":{"name":"(anonymous_3)","decl":{"start":{"line":37,"column":23},"end":{"line":37,"column":24}},"loc":{"start":{"line":37,"column":43},"end":{"line":55,"column":1}},"line":37},"4":{"name":"(anonymous_4)","decl":{"start":{"line":56,"column":23},"end":{"line":56,"column":24}},"loc":{"start":{"line":56,"column":43},"end":{"line":78,"column":1}},"line":56},"5":{"name":"(anonymous_5)","decl":{"start":{"line":79,"column":20},"end":{"line":79,"column":21}},"loc":{"start":{"line":79,"column":40},"end":{"line":98,"column":1}},"line":79}},"branchMap":{"0":{"loc":{"start":{"line":9,"column":46},"end":{"line":9,"column":92}},"type":"cond-expr","locations":[{"start":{"line":9,"column":70},"end":{"line":9,"column":73}},{"start":{"line":9,"column":76},"end":{"line":9,"column":92}}],"line":9},"1":{"loc":{"start":{"line":9,"column":46},"end":{"line":9,"column":67}},"type":"binary-expr","locations":[{"start":{"line":9,"column":46},"end":{"line":9,"column":49}},{"start":{"line":9,"column":53},"end":{"line":9,"column":67}}],"line":9},"2":{"loc":{"start":{"line":17,"column":2},"end":{"line":19,"column":5}},"type":"if","locations":[{"start":{"line":17,"column":2},"end":{"line":19,"column":5}},{"start":{"line":17,"column":2},"end":{"line":19,"column":5}}],"line":17},"3":{"loc":{"start":{"line":23,"column":2},"end":{"line":27,"column":3}},"type":"if","locations":[{"start":{"line":23,"column":2},"end":{"line":27,"column":3}},{"start":{"line":23,"column":2},"end":{"line":27,"column":3}}],"line":23},"4":{"loc":{"start":{"line":38,"column":2},"end":{"line":42,"column":3}},"type":"if","locations":[{"start":{"line":38,"column":2},"end":{"line":42,"column":3}},{"start":{"line":38,"column":2},"end":{"line":42,"column":3}}],"line":38},"5":{"loc":{"start":{"line":46,"column":2},"end":{"line":50,"column":3}},"type":"if","locations":[{"start":{"line":46,"column":2},"end":{"line":50,"column":3}},{"start":{"line":46,"column":2},"end":{"line":50,"column":3}}],"line":46},"6":{"loc":{"start":{"line":51,"column":2},"end":{"line":51,"column":52}},"type":"if","locations":[{"start":{"line":51,"column":2},"end":{"line":51,"column":52}},{"start":{"line":51,"column":2},"end":{"line":51,"column":52}}],"line":51},"7":{"loc":{"start":{"line":52,"column":2},"end":{"line":52,"column":58}},"type":"if","locations":[{"start":{"line":52,"column":2},"end":{"line":52,"column":58}},{"start":{"line":52,"column":2},"end":{"line":52,"column":58}}],"line":52},"8":{"loc":{"start":{"line":57,"column":2},"end":{"line":59,"column":5}},"type":"if","locations":[{"start":{"line":57,"column":2},"end":{"line":59,"column":5}},{"start":{"line":57,"column":2},"end":{"line":59,"column":5}}],"line":57},"9":{"loc":{"start":{"line":60,"column":2},"end":{"line":64,"column":3}},"type":"if","locations":[{"start":{"line":60,"column":2},"end":{"line":64,"column":3}},{"start":{"line":60,"column":2},"end":{"line":64,"column":3}}],"line":60},"10":{"loc":{"start":{"line":69,"column":2},"end":{"line":73,"column":3}},"type":"if","locations":[{"start":{"line":69,"column":2},"end":{"line":73,"column":3}},{"start":{"line":69,"column":2},"end":{"line":73,"column":3}}],"line":69},"11":{"loc":{"start":{"line":80,"column":2},"end":{"line":82,"column":5}},"type":"if","locations":[{"start":{"line":80,"column":2},"end":{"line":82,"column":5}},{"start":{"line":80,"column":2},"end":{"line":82,"column":5}}],"line":80},"12":{"loc":{"start":{"line":83,"column":2},"end":{"line":87,"column":3}},"type":"if","locations":[{"start":{"line":83,"column":2},"end":{"line":87,"column":3}},{"start":{"line":83,"column":2},"end":{"line":87,"column":3}}],"line":83},"13":{"loc":{"start":{"line":92,"column":2},"end":{"line":96,"column":3}},"type":"if","locations":[{"start":{"line":92,"column":2},"end":{"line":96,"column":3}},{"start":{"line":92,"column":2},"end":{"line":96,"column":3}}],"line":92}},"s":{"0":1,"1":1,"2":1,"3":1,"4":2,"5":1,"6":1,"7":1,"8":1,"9":0,"10":1,"11":1,"12":1,"13":0,"14":1,"15":1,"16":1,"17":0,"18":0,"19":0,"20":0,"21":0,"22":0,"23":0,"24":0,"25":0,"26":0,"27":0,"28":1,"29":0,"30":0,"31":0,"32":0,"33":0,"34":0,"35":0,"36":0,"37":0,"38":1,"39":0,"40":0,"41":0,"42":0,"43":0,"44":0,"45":0,"46":0,"47":1,"48":1},"f":{"0":2,"1":1,"2":1,"3":0,"4":0,"5":0},"b":{"0":[1,1],"1":[2,2],"2":[0,1],"3":[0,1],"4":[0,0],"5":[0,0],"6":[0,0],"7":[0,0],"8":[0,0],"9":[0,0],"10":[0,0],"11":[0,0],"12":[0,0],"13":[0,0]},"inputSourceMap":{"version":3,"names":["ObjectId","mongoose","Types","getAllCategories","req","res","categories","Category","find","status","json","message","createNewCategory","body","name","result","create","updateCategory","id","category","findOne","_id","exec","save","deleteCategory","isValid","deleteOne","getCategory","params"],"sourceRoot":"/Users/andelarwanda/Anathole/Andela/portfolio-backend/src/controllers/","sources":["CategoriesController.js"],"sourcesContent":["/* eslint-disable consistent-return */\nimport Category from '../models/Category';\nimport mongoose from 'mongoose';\nconst {ObjectId} = mongoose.Types;\n \nconst getAllCategories = async (req, res) => {\n  const categories = await Category.find();\n  if (!categories) return res.status(204).json({ message: 'No categories found.' });\n  res.json(categories);\n};\n\nconst createNewCategory = async (req, res) => {\n  if (!req?.body?.name) {\n    return res.status(400).json({ message: ' category name is required' });\n  }\n\n  \n    const result = await Category.create({\n      name: req.body.name,\n      status: req.body.status,\n    });\n\n    res.status(201).json({result, message: 'Category created successfully'});\n\n};\n\nconst updateCategory = async (req, res) => {\n  if (!req?.body?.id) {\n    return res.status(400).json({ message: 'ID parameter is required.' });\n  }\n\n  const category = await Category.findOne({ _id: req.body.id }).exec();\n  if (!category) {\n    return res.status(204).json({ message: `No category matches ID ${req.body.id}.` });\n  }\n  if (req.body?.name) category.name = req.body.name;\n  if (req.body?.status) category.status = req.body.status;\n  const result = await category.save();\n  res.status(200).json(result);\n};\n\nconst deleteCategory = async (req, res) => {\n  if (!req?.body?.id) return res.status(400).json({ message: 'Category ID required.' });\n\n  if (!ObjectId.isValid(req.body.id))  {\n    return res\n      .status(422)\n      .json({ message: 'Category Id should be a valid mongoose ObjectId' });\n  } ;\n\n  const category = await Category.findOne({ _id: req.body.id }).exec();\n  if (!category) {\n    return res.status(204).json({ message: `No category matches ID ${req.body.id}.` });\n  }\n  const result = await category.deleteOne();\n  res.json(result, {message: 'Category deleted successfully'});\n};\n\nconst getCategory = async (req, res) => {\n  if (!req?.params?.id) return res.status(400).json({ message: 'Category ID required.'});\n\n  if (!ObjectId.isValid(req.params.id))  {\n    return res\n      .status(422)\n      .json({ message: 'Category Id should be a valid mongoose ObjectId' });\n  } ;\n\n  const category = await Category.findOne({ _id: req.params.id }).exec();\n  if (!category) {\n    return res.status(204).json({ message: `No category matches ID ${req.params.id}.` });\n  }\n  res.json(category);\n};\n\nexport default {\n  getAllCategories,\n  createNewCategory,\n  updateCategory,\n  deleteCategory,\n  getCategory,\n};\n"],"mappings":";;;;;;AACA;AACA;AAAgC;AAFhC;;AAGA,MAAM;EAACA;AAAQ,CAAC,GAAGC,iBAAQ,CAACC,KAAK;AAEjC,MAAMC,gBAAgB,GAAG,OAAOC,GAAG,EAAEC,GAAG,KAAK;EAC3C,MAAMC,UAAU,GAAG,MAAMC,iBAAQ,CAACC,IAAI,EAAE;EACxC,IAAI,CAACF,UAAU,EAAE,OAAOD,GAAG,CAACI,MAAM,CAAC,GAAG,CAAC,CAACC,IAAI,CAAC;IAAEC,OAAO,EAAE;EAAuB,CAAC,CAAC;EACjFN,GAAG,CAACK,IAAI,CAACJ,UAAU,CAAC;AACtB,CAAC;AAED,MAAMM,iBAAiB,GAAG,OAAOR,GAAG,EAAEC,GAAG,KAAK;EAC5C,IAAI,CAACD,GAAG,EAAES,IAAI,EAAEC,IAAI,EAAE;IACpB,OAAOT,GAAG,CAACI,MAAM,CAAC,GAAG,CAAC,CAACC,IAAI,CAAC;MAAEC,OAAO,EAAE;IAA6B,CAAC,CAAC;EACxE;EAGE,MAAMI,MAAM,GAAG,MAAMR,iBAAQ,CAACS,MAAM,CAAC;IACnCF,IAAI,EAAEV,GAAG,CAACS,IAAI,CAACC,IAAI;IACnBL,MAAM,EAAEL,GAAG,CAACS,IAAI,CAACJ;EACnB,CAAC,CAAC;EAEFJ,GAAG,CAACI,MAAM,CAAC,GAAG,CAAC,CAACC,IAAI,CAAC;IAACK,MAAM;IAAEJ,OAAO,EAAE;EAA+B,CAAC,CAAC;AAE5E,CAAC;AAED,MAAMM,cAAc,GAAG,OAAOb,GAAG,EAAEC,GAAG,KAAK;EACzC,IAAI,CAACD,GAAG,EAAES,IAAI,EAAEK,EAAE,EAAE;IAClB,OAAOb,GAAG,CAACI,MAAM,CAAC,GAAG,CAAC,CAACC,IAAI,CAAC;MAAEC,OAAO,EAAE;IAA4B,CAAC,CAAC;EACvE;EAEA,MAAMQ,QAAQ,GAAG,MAAMZ,iBAAQ,CAACa,OAAO,CAAC;IAAEC,GAAG,EAAEjB,GAAG,CAACS,IAAI,CAACK;EAAG,CAAC,CAAC,CAACI,IAAI,EAAE;EACpE,IAAI,CAACH,QAAQ,EAAE;IACb,OAAOd,GAAG,CAACI,MAAM,CAAC,GAAG,CAAC,CAACC,IAAI,CAAC;MAAEC,OAAO,EAAG,0BAAyBP,GAAG,CAACS,IAAI,CAACK,EAAG;IAAG,CAAC,CAAC;EACpF;EACA,IAAId,GAAG,CAACS,IAAI,EAAEC,IAAI,EAAEK,QAAQ,CAACL,IAAI,GAAGV,GAAG,CAACS,IAAI,CAACC,IAAI;EACjD,IAAIV,GAAG,CAACS,IAAI,EAAEJ,MAAM,EAAEU,QAAQ,CAACV,MAAM,GAAGL,GAAG,CAACS,IAAI,CAACJ,MAAM;EACvD,MAAMM,MAAM,GAAG,MAAMI,QAAQ,CAACI,IAAI,EAAE;EACpClB,GAAG,CAACI,MAAM,CAAC,GAAG,CAAC,CAACC,IAAI,CAACK,MAAM,CAAC;AAC9B,CAAC;AAED,MAAMS,cAAc,GAAG,OAAOpB,GAAG,EAAEC,GAAG,KAAK;EACzC,IAAI,CAACD,GAAG,EAAES,IAAI,EAAEK,EAAE,EAAE,OAAOb,GAAG,CAACI,MAAM,CAAC,GAAG,CAAC,CAACC,IAAI,CAAC;IAAEC,OAAO,EAAE;EAAwB,CAAC,CAAC;EAErF,IAAI,CAACX,QAAQ,CAACyB,OAAO,CAACrB,GAAG,CAACS,IAAI,CAACK,EAAE,CAAC,EAAG;IACnC,OAAOb,GAAG,CACPI,MAAM,CAAC,GAAG,CAAC,CACXC,IAAI,CAAC;MAAEC,OAAO,EAAE;IAAkD,CAAC,CAAC;EACzE;EAAE;EAEF,MAAMQ,QAAQ,GAAG,MAAMZ,iBAAQ,CAACa,OAAO,CAAC;IAAEC,GAAG,EAAEjB,GAAG,CAACS,IAAI,CAACK;EAAG,CAAC,CAAC,CAACI,IAAI,EAAE;EACpE,IAAI,CAACH,QAAQ,EAAE;IACb,OAAOd,GAAG,CAACI,MAAM,CAAC,GAAG,CAAC,CAACC,IAAI,CAAC;MAAEC,OAAO,EAAG,0BAAyBP,GAAG,CAACS,IAAI,CAACK,EAAG;IAAG,CAAC,CAAC;EACpF;EACA,MAAMH,MAAM,GAAG,MAAMI,QAAQ,CAACO,SAAS,EAAE;EACzCrB,GAAG,CAACK,IAAI,CAACK,MAAM,EAAE;IAACJ,OAAO,EAAE;EAA+B,CAAC,CAAC;AAC9D,CAAC;AAED,MAAMgB,WAAW,GAAG,OAAOvB,GAAG,EAAEC,GAAG,KAAK;EACtC,IAAI,CAACD,GAAG,EAAEwB,MAAM,EAAEV,EAAE,EAAE,OAAOb,GAAG,CAACI,MAAM,CAAC,GAAG,CAAC,CAACC,IAAI,CAAC;IAAEC,OAAO,EAAE;EAAuB,CAAC,CAAC;EAEtF,IAAI,CAACX,QAAQ,CAACyB,OAAO,CAACrB,GAAG,CAACwB,MAAM,CAACV,EAAE,CAAC,EAAG;IACrC,OAAOb,GAAG,CACPI,MAAM,CAAC,GAAG,CAAC,CACXC,IAAI,CAAC;MAAEC,OAAO,EAAE;IAAkD,CAAC,CAAC;EACzE;EAAE;EAEF,MAAMQ,QAAQ,GAAG,MAAMZ,iBAAQ,CAACa,OAAO,CAAC;IAAEC,GAAG,EAAEjB,GAAG,CAACwB,MAAM,CAACV;EAAG,CAAC,CAAC,CAACI,IAAI,EAAE;EACtE,IAAI,CAACH,QAAQ,EAAE;IACb,OAAOd,GAAG,CAACI,MAAM,CAAC,GAAG,CAAC,CAACC,IAAI,CAAC;MAAEC,OAAO,EAAG,0BAAyBP,GAAG,CAACwB,MAAM,CAACV,EAAG;IAAG,CAAC,CAAC;EACtF;EACAb,GAAG,CAACK,IAAI,CAACS,QAAQ,CAAC;AACpB,CAAC;AAAC,eAEa;EACbhB,gBAAgB;EAChBS,iBAAiB;EACjBK,cAAc;EACdO,cAAc;EACdG;AACF,CAAC;AAAA"},"_coverageSchema":"1a1c01bbd47fc00a2c39e90264f33305004495a9","hash":"b24eecc901505b2f168444ee517240f0b680b653","contentHash":"429c8cef9b029d50846e857b133652791f8f43264b2f7b1a5cdef28136e0ad38"},"/Users/andelarwanda/Anathole/Andela/portfolio-backend/src/models/Category.js":{"path":"/Users/andelarwanda/Anathole/Andela/portfolio-backend/src/models/Category.js","statementMap":{"0":{"start":{"line":3,"column":0},"end":{"line":5,"column":3}},"1":{"start":{"line":6,"column":0},"end":{"line":6,"column":25}},"2":{"start":{"line":7,"column":16},"end":{"line":7,"column":59}},"3":{"start":{"line":8,"column":39},"end":{"line":8,"column":93}},"4":{"start":{"line":11,"column":4},"end":{"line":11,"column":21}},"5":{"start":{"line":12,"column":23},"end":{"line":22,"column":2}},"6":{"start":{"line":23,"column":15},"end":{"line":23,"column":66}},"7":{"start":{"line":24,"column":0},"end":{"line":24,"column":27}}},"fnMap":{"0":{"name":"_interopRequireDefault","decl":{"start":{"line":8,"column":9},"end":{"line":8,"column":31}},"loc":{"start":{"line":8,"column":37},"end":{"line":8,"column":95}},"line":8}},"branchMap":{"0":{"loc":{"start":{"line":8,"column":46},"end":{"line":8,"column":92}},"type":"cond-expr","locations":[{"start":{"line":8,"column":70},"end":{"line":8,"column":73}},{"start":{"line":8,"column":76},"end":{"line":8,"column":92}}],"line":8},"1":{"loc":{"start":{"line":8,"column":46},"end":{"line":8,"column":67}},"type":"binary-expr","locations":[{"start":{"line":8,"column":46},"end":{"line":8,"column":49}},{"start":{"line":8,"column":53},"end":{"line":8,"column":67}}],"line":8}},"s":{"0":1,"1":1,"2":1,"3":1,"4":1,"5":1,"6":1,"7":1},"f":{"0":1},"b":{"0":[0,1],"1":[1,1]},"inputSourceMap":{"version":3,"names":["Schema","mongoose","categorySchema","name","type","String","required","status","default","model"],"sourceRoot":"/Users/andelarwanda/Anathole/Andela/portfolio-backend/src/models/","sources":["Category.js"],"sourcesContent":["import mongoose from 'mongoose';\n\nconst { Schema } = mongoose;\n\nconst categorySchema = new Schema({\n  name: {\n    type: String,\n    required: true,\n  },\n  status: {\n    type: String,\n    required: true,\n    default: \"unmuted\"\n  },\n});\n\nexport default mongoose.model('Category', categorySchema);\n"],"mappings":";;;;;;AAAA;AAAgC;AAEhC,MAAM;EAAEA;AAAO,CAAC,GAAGC,iBAAQ;AAE3B,MAAMC,cAAc,GAAG,IAAIF,MAAM,CAAC;EAChCG,IAAI,EAAE;IACJC,IAAI,EAAEC,MAAM;IACZC,QAAQ,EAAE;EACZ,CAAC;EACDC,MAAM,EAAE;IACNH,IAAI,EAAEC,MAAM;IACZC,QAAQ,EAAE,IAAI;IACdE,OAAO,EAAE;EACX;AACF,CAAC,CAAC;AAAC,eAEYP,iBAAQ,CAACQ,KAAK,CAAC,UAAU,EAAEP,cAAc,CAAC;AAAA"},"_coverageSchema":"1a1c01bbd47fc00a2c39e90264f33305004495a9","hash":"0f3a77a429f6ac1e4c3cbc66631b8be87c7ba2b7","contentHash":"cebc34264196ee58b2f159a5984b59db6504e15fdecee818a9f1cb390a1f3cb2"},"/Users/andelarwanda/Anathole/Andela/portfolio-backend/src/middleware/verifyJWT.js":{"path":"/Users/andelarwanda/Anathole/Andela/portfolio-backend/src/middleware/verifyJWT.js","statementMap":{"0":{"start":{"line":3,"column":0},"end":{"line":5,"column":3}},"1":{"start":{"line":6,"column":0},"end":{"line":6,"column":25}},"2":{"start":{"line":7,"column":20},"end":{"line":7,"column":67}},"3":{"start":{"line":8,"column":14},"end":{"line":8,"column":55}},"4":{"start":{"line":9,"column":39},"end":{"line":9,"column":93}},"5":{"start":{"line":10,"column":0},"end":{"line":10,"column":25}},"6":{"start":{"line":11,"column":18},"end":{"line":27,"column":1}},"7":{"start":{"line":12,"column":21},"end":{"line":12,"column":96}},"8":{"start":{"line":13,"column":2},"end":{"line":15,"column":5}},"9":{"start":{"line":13,"column":42},"end":{"line":15,"column":5}},"10":{"start":{"line":16,"column":16},"end":{"line":16,"column":40}},"11":{"start":{"line":17,"column":2},"end":{"line":26,"column":5}},"12":{"start":{"line":20,"column":4},"end":{"line":22,"column":7}},"13":{"start":{"line":20,"column":13},"end":{"line":22,"column":7}},"14":{"start":{"line":23,"column":4},"end":{"line":23,"column":39}},"15":{"start":{"line":24,"column":4},"end":{"line":24,"column":39}},"16":{"start":{"line":25,"column":4},"end":{"line":25,"column":11}},"17":{"start":{"line":28,"column":15},"end":{"line":28,"column":24}},"18":{"start":{"line":29,"column":0},"end":{"line":29,"column":27}}},"fnMap":{"0":{"name":"_interopRequireDefault","decl":{"start":{"line":9,"column":9},"end":{"line":9,"column":31}},"loc":{"start":{"line":9,"column":37},"end":{"line":9,"column":95}},"line":9},"1":{"name":"(anonymous_1)","decl":{"start":{"line":11,"column":18},"end":{"line":11,"column":19}},"loc":{"start":{"line":11,"column":38},"end":{"line":27,"column":1}},"line":11},"2":{"name":"(anonymous_2)","decl":{"start":{"line":19,"column":2},"end":{"line":19,"column":3}},"loc":{"start":{"line":19,"column":20},"end":{"line":26,"column":3}},"line":19}},"branchMap":{"0":{"loc":{"start":{"line":9,"column":46},"end":{"line":9,"column":92}},"type":"cond-expr","locations":[{"start":{"line":9,"column":70},"end":{"line":9,"column":73}},{"start":{"line":9,"column":76},"end":{"line":9,"column":92}}],"line":9},"1":{"loc":{"start":{"line":9,"column":46},"end":{"line":9,"column":67}},"type":"binary-expr","locations":[{"start":{"line":9,"column":46},"end":{"line":9,"column":49}},{"start":{"line":9,"column":53},"end":{"line":9,"column":67}}],"line":9},"2":{"loc":{"start":{"line":12,"column":21},"end":{"line":12,"column":96}},"type":"binary-expr","locations":[{"start":{"line":12,"column":21},"end":{"line":12,"column":46}},{"start":{"line":12,"column":50},"end":{"line":12,"column":75}},{"start":{"line":12,"column":79},"end":{"line":12,"column":96}}],"line":12},"3":{"loc":{"start":{"line":13,"column":2},"end":{"line":15,"column":5}},"type":"if","locations":[{"start":{"line":13,"column":2},"end":{"line":15,"column":5}},{"start":{"line":13,"column":2},"end":{"line":15,"column":5}}],"line":13},"4":{"loc":{"start":{"line":20,"column":4},"end":{"line":22,"column":7}},"type":"if","locations":[{"start":{"line":20,"column":4},"end":{"line":22,"column":7}},{"start":{"line":20,"column":4},"end":{"line":22,"column":7}}],"line":20}},"s":{"0":1,"1":1,"2":1,"3":1,"4":2,"5":1,"6":1,"7":18,"8":18,"9":5,"10":13,"11":13,"12":13,"13":1,"14":12,"15":12,"16":12,"17":1,"18":1},"f":{"0":2,"1":18,"2":13},"b":{"0":[0,2],"1":[2,2],"2":[18,18,18],"3":[5,13],"4":[1,12]},"inputSourceMap":{"version":3,"names":["dotenv","config","verifyJWT","req","res","next","authHeader","headers","authorization","Authorization","token","startsWith","status","json","message","split","jwt","verify","process","env","ACCESS_TOKEN_SECRET","err","decoded","email","UserInfo","roles"],"sourceRoot":"/Users/andelarwanda/Anathole/Andela/portfolio-backend/src/middleware/","sources":["verifyJWT.js"],"sourcesContent":["import jwt from 'jsonwebtoken';\nimport dotenv from 'dotenv';\ndotenv.config();\n\nconst verifyJWT =  (req, res, next) => {\n  const authHeader = req.headers.authorization || req.headers.Authorization || req.headers.token;\n  if (!authHeader?.startsWith('Bearer ')) return res.status(401).json({ message: 'No token provided.'});\n  const token = authHeader.split(' ')[1];\n   jwt.verify(\n    token,\n    process.env.ACCESS_TOKEN_SECRET,\n    // eslint-disable-next-line consistent-return\n    (err, decoded) => {\n      if (err) return res.status(403).json({ message: res.message }); // invalid token\n      req.email = decoded.UserInfo.email;\n      req.roles = decoded.UserInfo.roles;\n       next();\n    }\n  );\n}\nexport default verifyJWT"],"mappings":";;;;;;AAAA;AACA;AAA4B;AAC5BA,eAAM,CAACC,MAAM,EAAE;AAEf,MAAMC,SAAS,GAAI,CAACC,GAAG,EAAEC,GAAG,EAAEC,IAAI,KAAK;EACrC,MAAMC,UAAU,GAAGH,GAAG,CAACI,OAAO,CAACC,aAAa,IAAIL,GAAG,CAACI,OAAO,CAACE,aAAa,IAAIN,GAAG,CAACI,OAAO,CAACG,KAAK;EAC9F,IAAI,CAACJ,UAAU,EAAEK,UAAU,CAAC,SAAS,CAAC,EAAE,OAAOP,GAAG,CAACQ,MAAM,CAAC,GAAG,CAAC,CAACC,IAAI,CAAC;IAAEC,OAAO,EAAE;EAAoB,CAAC,CAAC;EACrG,MAAMJ,KAAK,GAAGJ,UAAU,CAACS,KAAK,CAAC,GAAG,CAAC,CAAC,CAAC,CAAC;EACrCC,qBAAG,CAACC,MAAM,CACTP,KAAK,EACLQ,OAAO,CAACC,GAAG,CAACC,mBAAmB;EAC/B;EACA,CAACC,GAAG,EAAEC,OAAO,KAAK;IAChB,IAAID,GAAG,EAAE,OAAOjB,GAAG,CAACQ,MAAM,CAAC,GAAG,CAAC,CAACC,IAAI,CAAC;MAAEC,OAAO,EAAEV,GAAG,CAACU;IAAQ,CAAC,CAAC,CAAC,CAAC;IAChEX,GAAG,CAACoB,KAAK,GAAGD,OAAO,CAACE,QAAQ,CAACD,KAAK;IAClCpB,GAAG,CAACsB,KAAK,GAAGH,OAAO,CAACE,QAAQ,CAACC,KAAK;IACjCpB,IAAI,EAAE;EACT,CAAC,CACF;AACH,CAAC;AAAA,eACcH,SAAS;AAAA"},"_coverageSchema":"1a1c01bbd47fc00a2c39e90264f33305004495a9","hash":"304ccc79740acf4d362411edfb57ce118071b5de","contentHash":"5c9df9a7e18fb161b5235d90e5dd2113c5e964aa320ca8d5b4756ccea7dd25b4"},"/Users/andelarwanda/Anathole/Andela/portfolio-backend/src/routes/api/blogs.js":{"path":"/Users/andelarwanda/Anathole/Andela/portfolio-backend/src/routes/api/blogs.js","statementMap":{"0":{"start":{"line":3,"column":0},"end":{"line":5,"column":3}},"1":{"start":{"line":6,"column":0},"end":{"line":6,"column":25}},"2":{"start":{"line":7,"column":15},"end":{"line":7,"column":57}},"3":{"start":{"line":8,"column":23},"end":{"line":8,"column":91}},"4":{"start":{"line":9,"column":17},"end":{"line":9,"column":78}},"5":{"start":{"line":10,"column":19},"end":{"line":10,"column":82}},"6":{"start":{"line":11,"column":18},"end":{"line":11,"column":76}},"7":{"start":{"line":12,"column":39},"end":{"line":12,"column":93}},"8":{"start":{"line":13,"column":15},"end":{"line":13,"column":40}},"9":{"start":{"line":14,"column":0},"end":{"line":14,"column":63}},"10":{"start":{"line":15,"column":0},"end":{"line":15,"column":86}},"11":{"start":{"line":16,"column":0},"end":{"line":16,"column":85}},"12":{"start":{"line":17,"column":0},"end":{"line":17,"column":88}},"13":{"start":{"line":18,"column":0},"end":{"line":18,"column":59}},"14":{"start":{"line":19,"column":15},"end":{"line":19,"column":21}},"15":{"start":{"line":20,"column":0},"end":{"line":20,"column":27}}},"fnMap":{"0":{"name":"_interopRequireDefault","decl":{"start":{"line":12,"column":9},"end":{"line":12,"column":31}},"loc":{"start":{"line":12,"column":37},"end":{"line":12,"column":95}},"line":12}},"branchMap":{"0":{"loc":{"start":{"line":12,"column":46},"end":{"line":12,"column":92}},"type":"cond-expr","locations":[{"start":{"line":12,"column":70},"end":{"line":12,"column":73}},{"start":{"line":12,"column":76},"end":{"line":12,"column":92}}],"line":12},"1":{"loc":{"start":{"line":12,"column":46},"end":{"line":12,"column":67}},"type":"binary-expr","locations":[{"start":{"line":12,"column":46},"end":{"line":12,"column":49}},{"start":{"line":12,"column":53},"end":{"line":12,"column":67}}],"line":12}},"s":{"0":1,"1":1,"2":1,"3":1,"4":1,"5":1,"6":1,"7":5,"8":1,"9":1,"10":1,"11":1,"12":1,"13":1,"14":1,"15":1},"f":{"0":5},"b":{"0":[4,1],"1":[5,5]},"inputSourceMap":{"version":3,"names":["router","express","Router","route","get","BlogsController","getAllBlogs","post","verfyJWT","createNewBlog","put","updateBlog","delete","deleteBlog","getBlog"],"sourceRoot":"/Users/andelarwanda/Anathole/Andela/portfolio-backend/src/routes/api/","sources":["blogs.js"],"sourcesContent":["import express from 'express';\nimport BlogsController from '../../controllers/BlogsController';\nimport verfyJWT from '../../middleware/verifyJWT';\nimport verifyRoles from '../../middleware/verifyRoles';\nimport ROLES_LIST from '../../config/roles_list';\n\nconst router = express.Router();\n\nrouter.route('/all').get(BlogsController.getAllBlogs)\nrouter.route('/add').post(verfyJWT, BlogsController.createNewBlog)\nrouter.route('/update').put(verfyJWT, BlogsController.updateBlog)\nrouter.route('/delete').delete(verfyJWT, BlogsController.deleteBlog);\n\nrouter.route('/:id').get(BlogsController.getBlog);\n\nexport default router;\n"],"mappings":";;;;;;AAAA;AACA;AACA;AACA;AACA;AAAiD;AAEjD,MAAMA,MAAM,GAAGC,gBAAO,CAACC,MAAM,EAAE;AAE/BF,MAAM,CAACG,KAAK,CAAC,MAAM,CAAC,CAACC,GAAG,CAACC,wBAAe,CAACC,WAAW,CAAC;AACrDN,MAAM,CAACG,KAAK,CAAC,MAAM,CAAC,CAACI,IAAI,CAACC,kBAAQ,EAAEH,wBAAe,CAACI,aAAa,CAAC;AAClET,MAAM,CAACG,KAAK,CAAC,SAAS,CAAC,CAACO,GAAG,CAACF,kBAAQ,EAAEH,wBAAe,CAACM,UAAU,CAAC;AACjEX,MAAM,CAACG,KAAK,CAAC,SAAS,CAAC,CAACS,MAAM,CAACJ,kBAAQ,EAAEH,wBAAe,CAACQ,UAAU,CAAC;AAEpEb,MAAM,CAACG,KAAK,CAAC,MAAM,CAAC,CAACC,GAAG,CAACC,wBAAe,CAACS,OAAO,CAAC;AAAC,eAEnCd,MAAM;AAAA"},"_coverageSchema":"1a1c01bbd47fc00a2c39e90264f33305004495a9","hash":"dc2303bc0e19d2dec127af9cbed7a7cd4ee9ee1a","contentHash":"1439ed26df8883c508689f27add0d022200594bef7f609b03dda056122aadf4a"},"/Users/andelarwanda/Anathole/Andela/portfolio-backend/src/controllers/BlogsController.js":{"path":"/Users/andelarwanda/Anathole/Andela/portfolio-backend/src/controllers/BlogsController.js","statementMap":{"0":{"start":{"line":3,"column":0},"end":{"line":5,"column":3}},"1":{"start":{"line":6,"column":0},"end":{"line":6,"column":25}},"2":{"start":{"line":7,"column":16},"end":{"line":7,"column":59}},"3":{"start":{"line":8,"column":12},"end":{"line":8,"column":61}},"4":{"start":{"line":9,"column":16},"end":{"line":9,"column":69}},"5":{"start":{"line":10,"column":18},"end":{"line":10,"column":73}},"6":{"start":{"line":11,"column":39},"end":{"line":11,"column":93}},"7":{"start":{"line":16,"column":4},"end":{"line":16,"column":27}},"8":{"start":{"line":17,"column":20},"end":{"line":23,"column":1}},"9":{"start":{"line":18,"column":16},"end":{"line":18,"column":42}},"10":{"start":{"line":19,"column":2},"end":{"line":21,"column":5}},"11":{"start":{"line":19,"column":14},"end":{"line":21,"column":5}},"12":{"start":{"line":22,"column":2},"end":{"line":22,"column":30}},"13":{"start":{"line":24,"column":22},"end":{"line":64,"column":1}},"14":{"start":{"line":25,"column":2},"end":{"line":29,"column":3}},"15":{"start":{"line":26,"column":4},"end":{"line":28,"column":7}},"16":{"start":{"line":30,"column":2},"end":{"line":34,"column":3}},"17":{"start":{"line":31,"column":4},"end":{"line":33,"column":7}},"18":{"start":{"line":36,"column":18},"end":{"line":38,"column":11}},"19":{"start":{"line":39,"column":2},"end":{"line":43,"column":3}},"20":{"start":{"line":40,"column":4},"end":{"line":42,"column":7}},"21":{"start":{"line":44,"column":20},"end":{"line":44,"column":76}},"22":{"start":{"line":49,"column":6},"end":{"line":49,"column":14}},"23":{"start":{"line":50,"column":15},"end":{"line":58,"column":3}},"24":{"start":{"line":59,"column":17},"end":{"line":59,"column":49}},"25":{"start":{"line":60,"column":2},"end":{"line":63,"column":5}},"26":{"start":{"line":65,"column":19},"end":{"line":103,"column":1}},"27":{"start":{"line":66,"column":2},"end":{"line":70,"column":3}},"28":{"start":{"line":67,"column":4},"end":{"line":69,"column":7}},"29":{"start":{"line":71,"column":2},"end":{"line":75,"column":3}},"30":{"start":{"line":72,"column":4},"end":{"line":74,"column":7}},"31":{"start":{"line":77,"column":15},"end":{"line":79,"column":11}},"32":{"start":{"line":80,"column":2},"end":{"line":84,"column":3}},"33":{"start":{"line":81,"column":4},"end":{"line":83,"column":7}},"34":{"start":{"line":85,"column":2},"end":{"line":85,"column":51}},"35":{"start":{"line":85,"column":23},"end":{"line":85,"column":51}},"36":{"start":{"line":86,"column":2},"end":{"line":86,"column":69}},"37":{"start":{"line":86,"column":29},"end":{"line":86,"column":69}},"38":{"start":{"line":87,"column":2},"end":{"line":87,"column":60}},"39":{"start":{"line":87,"column":26},"end":{"line":87,"column":60}},"40":{"start":{"line":90,"column":2},"end":{"line":90,"column":63}},"41":{"start":{"line":90,"column":23},"end":{"line":90,"column":63}},"42":{"start":{"line":91,"column":2},"end":{"line":93,"column":3}},"43":{"start":{"line":92,"column":4},"end":{"line":92,"column":68}},"44":{"start":{"line":94,"column":2},"end":{"line":100,"column":3}},"45":{"start":{"line":95,"column":22},"end":{"line":95,"column":78}},"46":{"start":{"line":96,"column":4},"end":{"line":99,"column":6}},"47":{"start":{"line":101,"column":17},"end":{"line":101,"column":34}},"48":{"start":{"line":102,"column":2},"end":{"line":102,"column":19}},"49":{"start":{"line":104,"column":19},"end":{"line":126,"column":1}},"50":{"start":{"line":105,"column":2},"end":{"line":109,"column":3}},"51":{"start":{"line":106,"column":4},"end":{"line":108,"column":7}},"52":{"start":{"line":110,"column":2},"end":{"line":114,"column":3}},"53":{"start":{"line":111,"column":4},"end":{"line":113,"column":7}},"54":{"start":{"line":116,"column":15},"end":{"line":118,"column":11}},"55":{"start":{"line":119,"column":2},"end":{"line":123,"column":3}},"56":{"start":{"line":120,"column":4},"end":{"line":122,"column":7}},"57":{"start":{"line":124,"column":17},"end":{"line":124,"column":39}},"58":{"start":{"line":125,"column":2},"end":{"line":125,"column":19}},"59":{"start":{"line":127,"column":16},"end":{"line":151,"column":1}},"60":{"start":{"line":128,"column":2},"end":{"line":132,"column":3}},"61":{"start":{"line":129,"column":4},"end":{"line":131,"column":7}},"62":{"start":{"line":133,"column":2},"end":{"line":137,"column":3}},"63":{"start":{"line":134,"column":4},"end":{"line":136,"column":7}},"64":{"start":{"line":139,"column":15},"end":{"line":141,"column":11}},"65":{"start":{"line":142,"column":2},"end":{"line":146,"column":3}},"66":{"start":{"line":143,"column":4},"end":{"line":145,"column":7}},"67":{"start":{"line":147,"column":2},"end":{"line":150,"column":5}},"68":{"start":{"line":152,"column":15},"end":{"line":158,"column":1}},"69":{"start":{"line":159,"column":0},"end":{"line":159,"column":27}}},"fnMap":{"0":{"name":"_interopRequireDefault","decl":{"start":{"line":11,"column":9},"end":{"line":11,"column":31}},"loc":{"start":{"line":11,"column":37},"end":{"line":11,"column":95}},"line":11},"1":{"name":"(anonymous_1)","decl":{"start":{"line":17,"column":20},"end":{"line":17,"column":21}},"loc":{"start":{"line":17,"column":40},"end":{"line":23,"column":1}},"line":17},"2":{"name":"(anonymous_2)","decl":{"start":{"line":24,"column":22},"end":{"line":24,"column":23}},"loc":{"start":{"line":24,"column":42},"end":{"line":64,"column":1}},"line":24},"3":{"name":"(anonymous_3)","decl":{"start":{"line":65,"column":19},"end":{"line":65,"column":20}},"loc":{"start":{"line":65,"column":39},"end":{"line":103,"column":1}},"line":65},"4":{"name":"(anonymous_4)","decl":{"start":{"line":104,"column":19},"end":{"line":104,"column":20}},"loc":{"start":{"line":104,"column":39},"end":{"line":126,"column":1}},"line":104},"5":{"name":"(anonymous_5)","decl":{"start":{"line":127,"column":16},"end":{"line":127,"column":17}},"loc":{"start":{"line":127,"column":36},"end":{"line":151,"column":1}},"line":127}},"branchMap":{"0":{"loc":{"start":{"line":11,"column":46},"end":{"line":11,"column":92}},"type":"cond-expr","locations":[{"start":{"line":11,"column":70},"end":{"line":11,"column":73}},{"start":{"line":11,"column":76},"end":{"line":11,"column":92}}],"line":11},"1":{"loc":{"start":{"line":11,"column":46},"end":{"line":11,"column":67}},"type":"binary-expr","locations":[{"start":{"line":11,"column":46},"end":{"line":11,"column":49}},{"start":{"line":11,"column":53},"end":{"line":11,"column":67}}],"line":11},"2":{"loc":{"start":{"line":19,"column":2},"end":{"line":21,"column":5}},"type":"if","locations":[{"start":{"line":19,"column":2},"end":{"line":21,"column":5}},{"start":{"line":19,"column":2},"end":{"line":21,"column":5}}],"line":19},"3":{"loc":{"start":{"line":25,"column":2},"end":{"line":29,"column":3}},"type":"if","locations":[{"start":{"line":25,"column":2},"end":{"line":29,"column":3}},{"start":{"line":25,"column":2},"end":{"line":29,"column":3}}],"line":25},"4":{"loc":{"start":{"line":25,"column":6},"end":{"line":25,"column":88}},"type":"binary-expr","locations":[{"start":{"line":25,"column":6},"end":{"line":25,"column":23}},{"start":{"line":25,"column":27},"end":{"line":25,"column":50}},{"start":{"line":25,"column":54},"end":{"line":25,"column":64}},{"start":{"line":25,"column":68},"end":{"line":25,"column":88}}],"line":25},"5":{"loc":{"start":{"line":30,"column":2},"end":{"line":34,"column":3}},"type":"if","locations":[{"start":{"line":30,"column":2},"end":{"line":34,"column":3}},{"start":{"line":30,"column":2},"end":{"line":34,"column":3}}],"line":30},"6":{"loc":{"start":{"line":39,"column":2},"end":{"line":43,"column":3}},"type":"if","locations":[{"start":{"line":39,"column":2},"end":{"line":43,"column":3}},{"start":{"line":39,"column":2},"end":{"line":43,"column":3}}],"line":39},"7":{"loc":{"start":{"line":66,"column":2},"end":{"line":70,"column":3}},"type":"if","locations":[{"start":{"line":66,"column":2},"end":{"line":70,"column":3}},{"start":{"line":66,"column":2},"end":{"line":70,"column":3}}],"line":66},"8":{"loc":{"start":{"line":71,"column":2},"end":{"line":75,"column":3}},"type":"if","locations":[{"start":{"line":71,"column":2},"end":{"line":75,"column":3}},{"start":{"line":71,"column":2},"end":{"line":75,"column":3}}],"line":71},"9":{"loc":{"start":{"line":80,"column":2},"end":{"line":84,"column":3}},"type":"if","locations":[{"start":{"line":80,"column":2},"end":{"line":84,"column":3}},{"start":{"line":80,"column":2},"end":{"line":84,"column":3}}],"line":80},"10":{"loc":{"start":{"line":85,"column":2},"end":{"line":85,"column":51}},"type":"if","locations":[{"start":{"line":85,"column":2},"end":{"line":85,"column":51}},{"start":{"line":85,"column":2},"end":{"line":85,"column":51}}],"line":85},"11":{"loc":{"start":{"line":86,"column":2},"end":{"line":86,"column":69}},"type":"if","locations":[{"start":{"line":86,"column":2},"end":{"line":86,"column":69}},{"start":{"line":86,"column":2},"end":{"line":86,"column":69}}],"line":86},"12":{"loc":{"start":{"line":87,"column":2},"end":{"line":87,"column":60}},"type":"if","locations":[{"start":{"line":87,"column":2},"end":{"line":87,"column":60}},{"start":{"line":87,"column":2},"end":{"line":87,"column":60}}],"line":87},"13":{"loc":{"start":{"line":90,"column":2},"end":{"line":90,"column":63}},"type":"if","locations":[{"start":{"line":90,"column":2},"end":{"line":90,"column":63}},{"start":{"line":90,"column":2},"end":{"line":90,"column":63}}],"line":90},"14":{"loc":{"start":{"line":91,"column":2},"end":{"line":93,"column":3}},"type":"if","locations":[{"start":{"line":91,"column":2},"end":{"line":93,"column":3}},{"start":{"line":91,"column":2},"end":{"line":93,"column":3}}],"line":91},"15":{"loc":{"start":{"line":92,"column":18},"end":{"line":92,"column":67}},"type":"cond-expr","locations":[{"start":{"line":92,"column":48},"end":{"line":92,"column":57}},{"start":{"line":92,"column":60},"end":{"line":92,"column":67}}],"line":92},"16":{"loc":{"start":{"line":94,"column":2},"end":{"line":100,"column":3}},"type":"if","locations":[{"start":{"line":94,"column":2},"end":{"line":100,"column":3}},{"start":{"line":94,"column":2},"end":{"line":100,"column":3}}],"line":94},"17":{"loc":{"start":{"line":105,"column":2},"end":{"line":109,"column":3}},"type":"if","locations":[{"start":{"line":105,"column":2},"end":{"line":109,"column":3}},{"start":{"line":105,"column":2},"end":{"line":109,"column":3}}],"line":105},"18":{"loc":{"start":{"line":110,"column":2},"end":{"line":114,"column":3}},"type":"if","locations":[{"start":{"line":110,"column":2},"end":{"line":114,"column":3}},{"start":{"line":110,"column":2},"end":{"line":114,"column":3}}],"line":110},"19":{"loc":{"start":{"line":119,"column":2},"end":{"line":123,"column":3}},"type":"if","locations":[{"start":{"line":119,"column":2},"end":{"line":123,"column":3}},{"start":{"line":119,"column":2},"end":{"line":123,"column":3}}],"line":119},"20":{"loc":{"start":{"line":128,"column":2},"end":{"line":132,"column":3}},"type":"if","locations":[{"start":{"line":128,"column":2},"end":{"line":132,"column":3}},{"start":{"line":128,"column":2},"end":{"line":132,"column":3}}],"line":128},"21":{"loc":{"start":{"line":133,"column":2},"end":{"line":137,"column":3}},"type":"if","locations":[{"start":{"line":133,"column":2},"end":{"line":137,"column":3}},{"start":{"line":133,"column":2},"end":{"line":137,"column":3}}],"line":133},"22":{"loc":{"start":{"line":142,"column":2},"end":{"line":146,"column":3}},"type":"if","locations":[{"start":{"line":142,"column":2},"end":{"line":146,"column":3}},{"start":{"line":142,"column":2},"end":{"line":146,"column":3}}],"line":142}},"s":{"0":1,"1":1,"2":1,"3":1,"4":1,"5":1,"6":4,"7":1,"8":1,"9":1,"10":1,"11":0,"12":1,"13":1,"14":0,"15":0,"16":0,"17":0,"18":0,"19":0,"20":0,"21":0,"22":0,"23":0,"24":0,"25":0,"26":1,"27":0,"28":0,"29":0,"30":0,"31":0,"32":0,"33":0,"34":0,"35":0,"36":0,"37":0,"38":0,"39":0,"40":0,"41":0,"42":0,"43":0,"44":0,"45":0,"46":0,"47":0,"48":0,"49":1,"50":0,"51":0,"52":0,"53":0,"54":0,"55":0,"56":0,"57":0,"58":0,"59":1,"60":1,"61":0,"62":1,"63":0,"64":1,"65":1,"66":0,"67":1,"68":1,"69":1},"f":{"0":4,"1":1,"2":0,"3":0,"4":0,"5":1},"b":{"0":[2,2],"1":[4,4],"2":[0,1],"3":[0,0],"4":[0,0,0,0],"5":[0,0],"6":[0,0],"7":[0,0],"8":[0,0],"9":[0,0],"10":[0,0],"11":[0,0],"12":[0,0],"13":[0,0],"14":[0,0],"15":[0,0],"16":[0,0],"17":[0,0],"18":[0,0],"19":[0,0],"20":[0,1],"21":[0,1],"22":[0,1]},"inputSourceMap":{"version":3,"names":["ObjectId","mongoose","Types","getAllBlogs","req","res","blogs","Blog","find","status","json","message","createNewBlog","body","title","description","file","category","isValid","contact","Category","findOne","_id","exec","params","id","imgResult","cloudinary","uploader","upload","path","blog","image","url","secure_url","public_id","result","create","updateBlog","uploadFile","save","deleteBlog","deleteOne","getBlog"],"sourceRoot":"/Users/andelarwanda/Anathole/Andela/portfolio-backend/src/controllers/","sources":["BlogsController.js"],"sourcesContent":["/* eslint-disable consistent-return */\nimport mongoose from 'mongoose';\nimport Blog from '../models/Blog';\nimport Category from '../models/Category';\nimport cloudinary from '../config/cloudinary';\nconst {ObjectId} = mongoose.Types;\n\nconst getAllBlogs = async (req, res) => {\n  const blogs = await Blog.find();\n  if (!blogs) return res.status(204).json({ message: 'No blogs found.' });\n  res.status(200).json(blogs);\n};\n\nconst createNewBlog = async (req, res) => {\n  if (\n    !req?.body?.title\n    || !req?.body?.description\n    || !req?.file\n    || !req?.body?.category\n  ) {\n    return res\n      .status(400)\n      .json({ message: 'blog category, Title, Description and Image are required' });\n  } \n\n  if (!ObjectId.isValid(req.body.category))  {\n    return res\n      .status(422)\n      .json({ message: 'Id should be a valid mongoose ObjectId' });\n  } ;\n\n\n\n  const contact = await Category.findOne({ _id: req.body.category }).exec();\n  if (!contact) {\n    return res\n      .status(204)\n      .json({ message: `No Category matches ID ${req.params.id}.` });\n  }\n\n\n    const imgResult = await cloudinary.uploader.upload(req.file.path);\n\n    const { title, category, description } = req.body;\n\n    const blog = {\n      title,\n      category,\n      description,\n      image: {\n        url: imgResult.secure_url,\n        id: imgResult.public_id,\n      },\n    };\n\n    const result = await Blog.create(blog);\n    res.status(201).json({result,  message: 'Blog created successfully' });\n\n};\n\nconst updateBlog = async (req, res) => {\n  if (!req?.body?.id) {\n    return res.status(400).json({ message: 'ID parameter is required.' });\n  }\n\n  if (!ObjectId.isValid(req.body.id))  {\n    return res\n      .status(422)\n      .json({ message: 'Id should be a valid mongoose ObjectId' });\n  } ;\n\n\n  const blog = await Blog.findOne({ _id: req.body.id }).exec();\n  if (!blog) {\n    return res\n      .status(204)\n      .json({ message: `No blog matches ID ${req.body.id}.` });\n  }\n  if (req.body?.title) blog.title = req.body.title;\n  if (req.body?.description) blog.description = req.body.description;\n  if (req.body?.category) blog.category = req.body.category;\n\n  // eslint-disable-next-line no-undef\n  if (req.body?.image) blog.image = uploadFile(req.body.image);\n\n  if (req.body?.status) { blog.status = req.body.status === 'muted' ? 'unmuted' : 'muted'; }\n\n  if (req.file) {\n    const imgResult = await cloudinary.uploader.upload(req.file.path);\n    blog.image = {\n      url: imgResult.secure_url,\n      id: imgResult.public_id,\n    };\n  }\n\n  const result = await blog.save();\n  res.json(result);\n};\n\nconst deleteBlog = async (req, res) => {\n  if (!req?.body?.id) { return res.status(400).json({ message: 'Blog ID required.' }); }\n\n  if (!ObjectId.isValid(req.body.id))  {\n    return res\n      .status(422)\n      .json({ message: 'Id should be a valid mongoose ObjectId' });\n  } ;\n\n\n  const blog = await Blog.findOne({ _id: req.body.id }).exec();\n  if (!blog) {\n    return res\n      .status(204)\n      .json({ message: `No blog matches ID ${req.body.id}.` });\n  }\n  const result = await blog.deleteOne();\n  res.json(result);\n};\n\nconst getBlog = async (req, res) => {\n  if (!req?.params?.id) { return res.status(400).json({ message: 'Blog ID required.' }); }\n\n  if (!ObjectId.isValid(req.params.id))  {\n    return res\n      .status(422)\n      .json({ message: 'Id should be a valid mongoose ObjectId' });\n  };\n\n  const blog = await Blog.findOne({ _id: req.params.id }).exec();\n  if (!blog) {\n    return res\n      .status(204)\n      .json({ message: `No blog matches ID ${req.params.id}.` });\n  }\n  res.status(200).json({ 'blog' : blog, message : 'successfully '});\n};\n\nexport default {\n  getAllBlogs,\n  createNewBlog,\n  updateBlog,\n  deleteBlog,\n  getBlog,\n};\n"],"mappings":";;;;;;AACA;AACA;AACA;AACA;AAA8C;AAJ9C;;AAKA,MAAM;EAACA;AAAQ,CAAC,GAAGC,iBAAQ,CAACC,KAAK;AAEjC,MAAMC,WAAW,GAAG,OAAOC,GAAG,EAAEC,GAAG,KAAK;EACtC,MAAMC,KAAK,GAAG,MAAMC,aAAI,CAACC,IAAI,EAAE;EAC/B,IAAI,CAACF,KAAK,EAAE,OAAOD,GAAG,CAACI,MAAM,CAAC,GAAG,CAAC,CAACC,IAAI,CAAC;IAAEC,OAAO,EAAE;EAAkB,CAAC,CAAC;EACvEN,GAAG,CAACI,MAAM,CAAC,GAAG,CAAC,CAACC,IAAI,CAACJ,KAAK,CAAC;AAC7B,CAAC;AAED,MAAMM,aAAa,GAAG,OAAOR,GAAG,EAAEC,GAAG,KAAK;EACxC,IACE,CAACD,GAAG,EAAES,IAAI,EAAEC,KAAK,IACd,CAACV,GAAG,EAAES,IAAI,EAAEE,WAAW,IACvB,CAACX,GAAG,EAAEY,IAAI,IACV,CAACZ,GAAG,EAAES,IAAI,EAAEI,QAAQ,EACvB;IACA,OAAOZ,GAAG,CACPI,MAAM,CAAC,GAAG,CAAC,CACXC,IAAI,CAAC;MAAEC,OAAO,EAAE;IAA2D,CAAC,CAAC;EAClF;EAEA,IAAI,CAACX,QAAQ,CAACkB,OAAO,CAACd,GAAG,CAACS,IAAI,CAACI,QAAQ,CAAC,EAAG;IACzC,OAAOZ,GAAG,CACPI,MAAM,CAAC,GAAG,CAAC,CACXC,IAAI,CAAC;MAAEC,OAAO,EAAE;IAAyC,CAAC,CAAC;EAChE;EAAE;EAIF,MAAMQ,OAAO,GAAG,MAAMC,iBAAQ,CAACC,OAAO,CAAC;IAAEC,GAAG,EAAElB,GAAG,CAACS,IAAI,CAACI;EAAS,CAAC,CAAC,CAACM,IAAI,EAAE;EACzE,IAAI,CAACJ,OAAO,EAAE;IACZ,OAAOd,GAAG,CACPI,MAAM,CAAC,GAAG,CAAC,CACXC,IAAI,CAAC;MAAEC,OAAO,EAAG,0BAAyBP,GAAG,CAACoB,MAAM,CAACC,EAAG;IAAG,CAAC,CAAC;EAClE;EAGE,MAAMC,SAAS,GAAG,MAAMC,mBAAU,CAACC,QAAQ,CAACC,MAAM,CAACzB,GAAG,CAACY,IAAI,CAACc,IAAI,CAAC;EAEjE,MAAM;IAAEhB,KAAK;IAAEG,QAAQ;IAAEF;EAAY,CAAC,GAAGX,GAAG,CAACS,IAAI;EAEjD,MAAMkB,IAAI,GAAG;IACXjB,KAAK;IACLG,QAAQ;IACRF,WAAW;IACXiB,KAAK,EAAE;MACLC,GAAG,EAAEP,SAAS,CAACQ,UAAU;MACzBT,EAAE,EAAEC,SAAS,CAACS;IAChB;EACF,CAAC;EAED,MAAMC,MAAM,GAAG,MAAM7B,aAAI,CAAC8B,MAAM,CAACN,IAAI,CAAC;EACtC1B,GAAG,CAACI,MAAM,CAAC,GAAG,CAAC,CAACC,IAAI,CAAC;IAAC0B,MAAM;IAAGzB,OAAO,EAAE;EAA4B,CAAC,CAAC;AAE1E,CAAC;AAED,MAAM2B,UAAU,GAAG,OAAOlC,GAAG,EAAEC,GAAG,KAAK;EACrC,IAAI,CAACD,GAAG,EAAES,IAAI,EAAEY,EAAE,EAAE;IAClB,OAAOpB,GAAG,CAACI,MAAM,CAAC,GAAG,CAAC,CAACC,IAAI,CAAC;MAAEC,OAAO,EAAE;IAA4B,CAAC,CAAC;EACvE;EAEA,IAAI,CAACX,QAAQ,CAACkB,OAAO,CAACd,GAAG,CAACS,IAAI,CAACY,EAAE,CAAC,EAAG;IACnC,OAAOpB,GAAG,CACPI,MAAM,CAAC,GAAG,CAAC,CACXC,IAAI,CAAC;MAAEC,OAAO,EAAE;IAAyC,CAAC,CAAC;EAChE;EAAE;EAGF,MAAMoB,IAAI,GAAG,MAAMxB,aAAI,CAACc,OAAO,CAAC;IAAEC,GAAG,EAAElB,GAAG,CAACS,IAAI,CAACY;EAAG,CAAC,CAAC,CAACF,IAAI,EAAE;EAC5D,IAAI,CAACQ,IAAI,EAAE;IACT,OAAO1B,GAAG,CACPI,MAAM,CAAC,GAAG,CAAC,CACXC,IAAI,CAAC;MAAEC,OAAO,EAAG,sBAAqBP,GAAG,CAACS,IAAI,CAACY,EAAG;IAAG,CAAC,CAAC;EAC5D;EACA,IAAIrB,GAAG,CAACS,IAAI,EAAEC,KAAK,EAAEiB,IAAI,CAACjB,KAAK,GAAGV,GAAG,CAACS,IAAI,CAACC,KAAK;EAChD,IAAIV,GAAG,CAACS,IAAI,EAAEE,WAAW,EAAEgB,IAAI,CAAChB,WAAW,GAAGX,GAAG,CAACS,IAAI,CAACE,WAAW;EAClE,IAAIX,GAAG,CAACS,IAAI,EAAEI,QAAQ,EAAEc,IAAI,CAACd,QAAQ,GAAGb,GAAG,CAACS,IAAI,CAACI,QAAQ;;EAEzD;EACA,IAAIb,GAAG,CAACS,IAAI,EAAEmB,KAAK,EAAED,IAAI,CAACC,KAAK,GAAGO,UAAU,CAACnC,GAAG,CAACS,IAAI,CAACmB,KAAK,CAAC;EAE5D,IAAI5B,GAAG,CAACS,IAAI,EAAEJ,MAAM,EAAE;IAAEsB,IAAI,CAACtB,MAAM,GAAGL,GAAG,CAACS,IAAI,CAACJ,MAAM,KAAK,OAAO,GAAG,SAAS,GAAG,OAAO;EAAE;EAEzF,IAAIL,GAAG,CAACY,IAAI,EAAE;IACZ,MAAMU,SAAS,GAAG,MAAMC,mBAAU,CAACC,QAAQ,CAACC,MAAM,CAACzB,GAAG,CAACY,IAAI,CAACc,IAAI,CAAC;IACjEC,IAAI,CAACC,KAAK,GAAG;MACXC,GAAG,EAAEP,SAAS,CAACQ,UAAU;MACzBT,EAAE,EAAEC,SAAS,CAACS;IAChB,CAAC;EACH;EAEA,MAAMC,MAAM,GAAG,MAAML,IAAI,CAACS,IAAI,EAAE;EAChCnC,GAAG,CAACK,IAAI,CAAC0B,MAAM,CAAC;AAClB,CAAC;AAED,MAAMK,UAAU,GAAG,OAAOrC,GAAG,EAAEC,GAAG,KAAK;EACrC,IAAI,CAACD,GAAG,EAAES,IAAI,EAAEY,EAAE,EAAE;IAAE,OAAOpB,GAAG,CAACI,MAAM,CAAC,GAAG,CAAC,CAACC,IAAI,CAAC;MAAEC,OAAO,EAAE;IAAoB,CAAC,CAAC;EAAE;EAErF,IAAI,CAACX,QAAQ,CAACkB,OAAO,CAACd,GAAG,CAACS,IAAI,CAACY,EAAE,CAAC,EAAG;IACnC,OAAOpB,GAAG,CACPI,MAAM,CAAC,GAAG,CAAC,CACXC,IAAI,CAAC;MAAEC,OAAO,EAAE;IAAyC,CAAC,CAAC;EAChE;EAAE;EAGF,MAAMoB,IAAI,GAAG,MAAMxB,aAAI,CAACc,OAAO,CAAC;IAAEC,GAAG,EAAElB,GAAG,CAACS,IAAI,CAACY;EAAG,CAAC,CAAC,CAACF,IAAI,EAAE;EAC5D,IAAI,CAACQ,IAAI,EAAE;IACT,OAAO1B,GAAG,CACPI,MAAM,CAAC,GAAG,CAAC,CACXC,IAAI,CAAC;MAAEC,OAAO,EAAG,sBAAqBP,GAAG,CAACS,IAAI,CAACY,EAAG;IAAG,CAAC,CAAC;EAC5D;EACA,MAAMW,MAAM,GAAG,MAAML,IAAI,CAACW,SAAS,EAAE;EACrCrC,GAAG,CAACK,IAAI,CAAC0B,MAAM,CAAC;AAClB,CAAC;AAED,MAAMO,OAAO,GAAG,OAAOvC,GAAG,EAAEC,GAAG,KAAK;EAClC,IAAI,CAACD,GAAG,EAAEoB,MAAM,EAAEC,EAAE,EAAE;IAAE,OAAOpB,GAAG,CAACI,MAAM,CAAC,GAAG,CAAC,CAACC,IAAI,CAAC;MAAEC,OAAO,EAAE;IAAoB,CAAC,CAAC;EAAE;EAEvF,IAAI,CAACX,QAAQ,CAACkB,OAAO,CAACd,GAAG,CAACoB,MAAM,CAACC,EAAE,CAAC,EAAG;IACrC,OAAOpB,GAAG,CACPI,MAAM,CAAC,GAAG,CAAC,CACXC,IAAI,CAAC;MAAEC,OAAO,EAAE;IAAyC,CAAC,CAAC;EAChE;EAAC;EAED,MAAMoB,IAAI,GAAG,MAAMxB,aAAI,CAACc,OAAO,CAAC;IAAEC,GAAG,EAAElB,GAAG,CAACoB,MAAM,CAACC;EAAG,CAAC,CAAC,CAACF,IAAI,EAAE;EAC9D,IAAI,CAACQ,IAAI,EAAE;IACT,OAAO1B,GAAG,CACPI,MAAM,CAAC,GAAG,CAAC,CACXC,IAAI,CAAC;MAAEC,OAAO,EAAG,sBAAqBP,GAAG,CAACoB,MAAM,CAACC,EAAG;IAAG,CAAC,CAAC;EAC9D;EACApB,GAAG,CAACI,MAAM,CAAC,GAAG,CAAC,CAACC,IAAI,CAAC;IAAE,MAAM,EAAGqB,IAAI;IAAEpB,OAAO,EAAG;EAAe,CAAC,CAAC;AACnE,CAAC;AAAC,eAEa;EACbR,WAAW;EACXS,aAAa;EACb0B,UAAU;EACVG,UAAU;EACVE;AACF,CAAC;AAAA"},"_coverageSchema":"1a1c01bbd47fc00a2c39e90264f33305004495a9","hash":"054429f92460ad595a1c5ca9863b99da90e6ef0d","contentHash":"fa536865a6f3feb6b627e1b9c248399d77b5fe8372e67fd74e416417acc5fd07"},"/Users/andelarwanda/Anathole/Andela/portfolio-backend/src/models/Blog.js":{"path":"/Users/andelarwanda/Anathole/Andela/portfolio-backend/src/models/Blog.js","statementMap":{"0":{"start":{"line":3,"column":0},"end":{"line":5,"column":3}},"1":{"start":{"line":6,"column":0},"end":{"line":6,"column":25}},"2":{"start":{"line":7,"column":16},"end":{"line":7,"column":59}},"3":{"start":{"line":8,"column":39},"end":{"line":8,"column":93}},"4":{"start":{"line":11,"column":4},"end":{"line":11,"column":21}},"5":{"start":{"line":12,"column":19},"end":{"line":42,"column":2}},"6":{"start":{"line":43,"column":15},"end":{"line":43,"column":58}},"7":{"start":{"line":44,"column":0},"end":{"line":44,"column":27}}},"fnMap":{"0":{"name":"_interopRequireDefault","decl":{"start":{"line":8,"column":9},"end":{"line":8,"column":31}},"loc":{"start":{"line":8,"column":37},"end":{"line":8,"column":95}},"line":8}},"branchMap":{"0":{"loc":{"start":{"line":8,"column":46},"end":{"line":8,"column":92}},"type":"cond-expr","locations":[{"start":{"line":8,"column":70},"end":{"line":8,"column":73}},{"start":{"line":8,"column":76},"end":{"line":8,"column":92}}],"line":8},"1":{"loc":{"start":{"line":8,"column":46},"end":{"line":8,"column":67}},"type":"binary-expr","locations":[{"start":{"line":8,"column":46},"end":{"line":8,"column":49}},{"start":{"line":8,"column":53},"end":{"line":8,"column":67}}],"line":8}},"s":{"0":1,"1":1,"2":1,"3":1,"4":1,"5":1,"6":1,"7":1},"f":{"0":1},"b":{"0":[0,1],"1":[1,1]},"inputSourceMap":{"version":3,"names":["Schema","mongoose","BlogSchema","title","type","String","required","image","Object","category","views","Number","default","description","comments","Array","status","model"],"sourceRoot":"/Users/andelarwanda/Anathole/Andela/portfolio-backend/src/models/","sources":["Blog.js"],"sourcesContent":["import mongoose from 'mongoose';\n\nconst { Schema } = mongoose;\nconst BlogSchema = new Schema({\n  title: {\n    type: String,\n    required: true,\n  },\n  image: {\n    type: Object,\n    required: true,\n  },\n  category: {\n    type: String,\n    required: true,\n  },\n  views: {\n    type: Number,\n    required: true,\n    default: 0,\n  },\n  description: {\n    type: String,\n    required: true,\n  },\n  comments: {\n    type: Array,\n    required: false,\n  },\n  status: {\n    type: String,\n    default: 'unmuted',\n  },\n});\n\nexport default mongoose.model('Blog', BlogSchema);\n"],"mappings":";;;;;;AAAA;AAAgC;AAEhC,MAAM;EAAEA;AAAO,CAAC,GAAGC,iBAAQ;AAC3B,MAAMC,UAAU,GAAG,IAAIF,MAAM,CAAC;EAC5BG,KAAK,EAAE;IACLC,IAAI,EAAEC,MAAM;IACZC,QAAQ,EAAE;EACZ,CAAC;EACDC,KAAK,EAAE;IACLH,IAAI,EAAEI,MAAM;IACZF,QAAQ,EAAE;EACZ,CAAC;EACDG,QAAQ,EAAE;IACRL,IAAI,EAAEC,MAAM;IACZC,QAAQ,EAAE;EACZ,CAAC;EACDI,KAAK,EAAE;IACLN,IAAI,EAAEO,MAAM;IACZL,QAAQ,EAAE,IAAI;IACdM,OAAO,EAAE;EACX,CAAC;EACDC,WAAW,EAAE;IACXT,IAAI,EAAEC,MAAM;IACZC,QAAQ,EAAE;EACZ,CAAC;EACDQ,QAAQ,EAAE;IACRV,IAAI,EAAEW,KAAK;IACXT,QAAQ,EAAE;EACZ,CAAC;EACDU,MAAM,EAAE;IACNZ,IAAI,EAAEC,MAAM;IACZO,OAAO,EAAE;EACX;AACF,CAAC,CAAC;AAAC,eAEYX,iBAAQ,CAACgB,KAAK,CAAC,MAAM,EAAEf,UAAU,CAAC;AAAA"},"_coverageSchema":"1a1c01bbd47fc00a2c39e90264f33305004495a9","hash":"2585693f907985c6b5010b7464c5804985b23d91","contentHash":"febdf1f0402e5353851369bc39846487b84830eda25394e8f13a856188b75337"},"/Users/andelarwanda/Anathole/Andela/portfolio-backend/src/config/cloudinary.js":{"path":"/Users/andelarwanda/Anathole/Andela/portfolio-backend/src/config/cloudinary.js","statementMap":{"0":{"start":{"line":3,"column":18},"end":{"line":3,"column":63}},"1":{"start":{"line":4,"column":14},"end":{"line":4,"column":55}},"2":{"start":{"line":5,"column":39},"end":{"line":5,"column":93}},"3":{"start":{"line":6,"column":0},"end":{"line":6,"column":25}},"4":{"start":{"line":11,"column":4},"end":{"line":11,"column":15}},"5":{"start":{"line":12,"column":24},"end":{"line":16,"column":1}},"6":{"start":{"line":17,"column":0},"end":{"line":17,"column":44}},"7":{"start":{"line":18,"column":0},"end":{"line":18,"column":37}}},"fnMap":{"0":{"name":"_interopRequireDefault","decl":{"start":{"line":5,"column":9},"end":{"line":5,"column":31}},"loc":{"start":{"line":5,"column":37},"end":{"line":5,"column":95}},"line":5}},"branchMap":{"0":{"loc":{"start":{"line":5,"column":46},"end":{"line":5,"column":92}},"type":"cond-expr","locations":[{"start":{"line":5,"column":70},"end":{"line":5,"column":73}},{"start":{"line":5,"column":76},"end":{"line":5,"column":92}}],"line":5},"1":{"loc":{"start":{"line":5,"column":46},"end":{"line":5,"column":67}},"type":"binary-expr","locations":[{"start":{"line":5,"column":46},"end":{"line":5,"column":49}},{"start":{"line":5,"column":53},"end":{"line":5,"column":67}}],"line":5}},"s":{"0":1,"1":1,"2":2,"3":1,"4":1,"5":1,"6":1,"7":1},"f":{"0":2},"b":{"0":[0,2],"1":[2,2]},"inputSourceMap":{"version":3,"names":["dotenv","config","CLOUDINARY_NAME","CLOUDINARY_API_KEY","CLOUDINARY_API_SECRET","process","env","cloudiaryConfig","cloud_name","api_key","api_secret","cloudinary","module","exports"],"sourceRoot":"/Users/andelarwanda/Anathole/Andela/portfolio-backend/src/config/","sources":["cloudinary.js"],"sourcesContent":["import cloudinary from 'cloudinary';\nimport dotenv from 'dotenv';\ndotenv.config();\n\nconst {CLOUDINARY_NAME,\nCLOUDINARY_API_KEY,\nCLOUDINARY_API_SECRET} = process.env;\n\nconst cloudiaryConfig = {\n    cloud_name: CLOUDINARY_NAME,\n    api_key: CLOUDINARY_API_KEY,\n    api_secret: CLOUDINARY_API_SECRET\n};\n\ncloudinary.config(cloudiaryConfig);\nmodule.exports = cloudinary"],"mappings":";;AAAA;AACA;AAA4B;AAC5BA,eAAM,CAACC,MAAM,EAAE;AAEf,MAAM;EAACC,eAAe;EACtBC,kBAAkB;EAClBC;AAAqB,CAAC,GAAGC,OAAO,CAACC,GAAG;AAEpC,MAAMC,eAAe,GAAG;EACpBC,UAAU,EAAEN,eAAe;EAC3BO,OAAO,EAAEN,kBAAkB;EAC3BO,UAAU,EAAEN;AAChB,CAAC;AAEDO,mBAAU,CAACV,MAAM,CAACM,eAAe,CAAC;AAClCK,MAAM,CAACC,OAAO,GAAGF,mBAAU"},"_coverageSchema":"1a1c01bbd47fc00a2c39e90264f33305004495a9","hash":"0642554a59c1c9c73e05a8036359804311f44415","contentHash":"27d50eaa7d1dd2feafa1130563c7cc599e773dfbb363057d7b341444743341ba"},"/Users/andelarwanda/Anathole/Andela/portfolio-backend/src/middleware/verifyRoles.js":{"path":"/Users/andelarwanda/Anathole/Andela/portfolio-backend/src/middleware/verifyRoles.js","statementMap":{"0":{"start":{"line":3,"column":0},"end":{"line":5,"column":3}},"1":{"start":{"line":6,"column":0},"end":{"line":6,"column":25}},"2":{"start":{"line":8,"column":20},"end":{"line":14,"column":1}},"3":{"start":{"line":8,"column":41},"end":{"line":14,"column":1}},"4":{"start":{"line":9,"column":2},"end":{"line":9,"column":46}},"5":{"start":{"line":9,"column":19},"end":{"line":9,"column":46}},"6":{"start":{"line":10,"column":21},"end":{"line":10,"column":38}},"7":{"start":{"line":11,"column":17},"end":{"line":11,"column":91}},"8":{"start":{"line":11,"column":39},"end":{"line":11,"column":64}},"9":{"start":{"line":11,"column":78},"end":{"line":11,"column":90}},"10":{"start":{"line":12,"column":2},"end":{"line":12,"column":42}},"11":{"start":{"line":12,"column":15},"end":{"line":12,"column":42}},"12":{"start":{"line":13,"column":2},"end":{"line":13,"column":9}},"13":{"start":{"line":15,"column":15},"end":{"line":15,"column":26}},"14":{"start":{"line":16,"column":0},"end":{"line":16,"column":27}}},"fnMap":{"0":{"name":"(anonymous_0)","decl":{"start":{"line":8,"column":20},"end":{"line":8,"column":21}},"loc":{"start":{"line":8,"column":41},"end":{"line":14,"column":1}},"line":8},"1":{"name":"(anonymous_1)","decl":{"start":{"line":8,"column":41},"end":{"line":8,"column":42}},"loc":{"start":{"line":8,"column":61},"end":{"line":14,"column":1}},"line":8},"2":{"name":"(anonymous_2)","decl":{"start":{"line":11,"column":31},"end":{"line":11,"column":32}},"loc":{"start":{"line":11,"column":39},"end":{"line":11,"column":64}},"line":11},"3":{"name":"(anonymous_3)","decl":{"start":{"line":11,"column":71},"end":{"line":11,"column":72}},"loc":{"start":{"line":11,"column":78},"end":{"line":11,"column":90}},"line":11}},"branchMap":{"0":{"loc":{"start":{"line":9,"column":2},"end":{"line":9,"column":46}},"type":"if","locations":[{"start":{"line":9,"column":2},"end":{"line":9,"column":46}},{"start":{"line":9,"column":2},"end":{"line":9,"column":46}}],"line":9},"1":{"loc":{"start":{"line":12,"column":2},"end":{"line":12,"column":42}},"type":"if","locations":[{"start":{"line":12,"column":2},"end":{"line":12,"column":42}},{"start":{"line":12,"column":2},"end":{"line":12,"column":42}}],"line":12}},"s":{"0":1,"1":1,"2":1,"3":0,"4":0,"5":0,"6":0,"7":0,"8":0,"9":0,"10":0,"11":0,"12":0,"13":1,"14":1},"f":{"0":0,"1":0,"2":0,"3":0},"b":{"0":[0,0],"1":[0,0]},"inputSourceMap":{"version":3,"names":["verifyRoles","allowedRoles","req","res","next","roles","sendStatus","rolesArray","result","map","role","includes","find","val"],"sourceRoot":"/Users/andelarwanda/Anathole/Andela/portfolio-backend/src/middleware/","sources":["verifyRoles.js"],"sourcesContent":["// eslint-disable-next-line consistent-return\nconst verifyRoles = (...allowedRoles) => (req, res, next) => {\n  if (!req?.roles) return res.sendStatus(401);\n  const rolesArray = [...allowedRoles];\n  const result = req.roles.map((role) => rolesArray.includes(role)).find((val) => val === true);\n  if (!result) return res.sendStatus(401);\n  next();\n};\n\nexport default verifyRoles;\n"],"mappings":";;;;;;AAAA;AACA,MAAMA,WAAW,GAAG,CAAC,GAAGC,YAAY,KAAK,CAACC,GAAG,EAAEC,GAAG,EAAEC,IAAI,KAAK;EAC3D,IAAI,CAACF,GAAG,EAAEG,KAAK,EAAE,OAAOF,GAAG,CAACG,UAAU,CAAC,GAAG,CAAC;EAC3C,MAAMC,UAAU,GAAG,CAAC,GAAGN,YAAY,CAAC;EACpC,MAAMO,MAAM,GAAGN,GAAG,CAACG,KAAK,CAACI,GAAG,CAAEC,IAAI,IAAKH,UAAU,CAACI,QAAQ,CAACD,IAAI,CAAC,CAAC,CAACE,IAAI,CAAEC,GAAG,IAAKA,GAAG,KAAK,IAAI,CAAC;EAC7F,IAAI,CAACL,MAAM,EAAE,OAAOL,GAAG,CAACG,UAAU,CAAC,GAAG,CAAC;EACvCF,IAAI,EAAE;AACR,CAAC;AAAC,eAEaJ,WAAW;AAAA"},"_coverageSchema":"1a1c01bbd47fc00a2c39e90264f33305004495a9","hash":"985ff1c8d3467675b31a467d0388eac505ddf182","contentHash":"7eea13dc58b7a09cd61ef20006f16ab120463e19f1e4b0ade521ac58e5037af5"},"/Users/andelarwanda/Anathole/Andela/portfolio-backend/src/config/roles_list.js":{"path":"/Users/andelarwanda/Anathole/Andela/portfolio-backend/src/config/roles_list.js","statementMap":{"0":{"start":{"line":3,"column":0},"end":{"line":5,"column":3}},"1":{"start":{"line":6,"column":0},"end":{"line":6,"column":25}},"2":{"start":{"line":7,"column":19},"end":{"line":10,"column":1}},"3":{"start":{"line":11,"column":15},"end":{"line":11,"column":25}},"4":{"start":{"line":12,"column":0},"end":{"line":12,"column":27}}},"fnMap":{},"branchMap":{},"s":{"0":1,"1":1,"2":1,"3":1,"4":1},"f":{},"b":{},"inputSourceMap":{"version":3,"names":["ROLES_LIST"],"sourceRoot":"/Users/andelarwanda/Anathole/Andela/portfolio-backend/src/config/","sources":["roles_list.js"],"sourcesContent":["const  ROLES_LIST = {\n    \"Admin\": 5150,\n    \"User\": 2001,\n}\n\nexport default ROLES_LIST;"],"mappings":";;;;;;AAAA,MAAOA,UAAU,GAAG;EAChB,OAAO,EAAE,IAAI;EACb,MAAM,EAAE;AACZ,CAAC;AAAA,eAEcA,UAAU;AAAA"},"_coverageSchema":"1a1c01bbd47fc00a2c39e90264f33305004495a9","hash":"8960300d8d9ac2937295207a9cac9c273550cd4f","contentHash":"58eac1791b5c1e580c06ade425704c70e5e9b2c99dd194ca965f7ff2442d60fb"},"/Users/andelarwanda/Anathole/Andela/portfolio-backend/src/routes/api/contacts.js":{"path":"/Users/andelarwanda/Anathole/Andela/portfolio-backend/src/routes/api/contacts.js","statementMap":{"0":{"start":{"line":3,"column":0},"end":{"line":5,"column":3}},"1":{"start":{"line":6,"column":0},"end":{"line":6,"column":25}},"2":{"start":{"line":7,"column":15},"end":{"line":7,"column":57}},"3":{"start":{"line":8,"column":26},"end":{"line":8,"column":97}},"4":{"start":{"line":9,"column":17},"end":{"line":9,"column":78}},"5":{"start":{"line":10,"column":39},"end":{"line":10,"column":93}},"6":{"start":{"line":11,"column":15},"end":{"line":11,"column":40}},"7":{"start":{"line":12,"column":0},"end":{"line":12,"column":89}},"8":{"start":{"line":13,"column":0},"end":{"line":13,"
[...]
pi/comments/all/{blog_id}\": {\n    get: {\n      tags: [\"Comments\"],\n      description: \"Getting all blog comments\",\n      parameters: [\n        {\n          in: \"path\",\n          name: \"blog_id\",\n          required: true,\n          schema: {\n            type: \"string\",\n          },\n          description: \"blog id\",\n          example: \"63c464d52c0cd9743f1c81c1\",\n        },\n      ],\n      responses: {\n        200: {\n          description: \"successfully\",\n        },\n        204: {\n          description: \"no content\",\n        },\n        400: {\n          description: \"bad request, blog Id is required\",\n        },\n        404: {\n          description: \"blog not found\",\n        },\n        422: {\n          description: \"unprocessable entity\",\n        },\n        500: {\n          description: \"Internal Server Error\",\n        },\n      },\n    },\n  },\n\n  \"/api/comments/delete\": {\n    delete: {\n      security: [],\n      tags: [\"Comments\"],\n      description: \"delete a commets by id\",\n      parameters: [\n        {\n          in: \"body\",\n          name: \"id\",\n          required: true,\n        }\n      ],\n      requestBody: {\n        content: {\n          \"application/json\": {\n            schema: {\n              $ref: \"#/components/schemas/Comments\",\n            },\n            example: {\n              id: '63c464d52c0cd9743f1c81c1',\n            },\n          },\n        },\n        required: true,\n      },\n\n      responses: {\n        200: {\n          description: \"successfully\",\n        },\n        204 :{\n          description: \"no content\",\n        },\n        400: {\n          description: \"bad request\",\n        },\n        404: {\n          description: \"Comment not found\",\n        },\n        422: {\n          description: \"unprocessable entity\",\n        },\n\n        500: {\n          description: \"Internal Server Error\",\n        },\n      },\n      \n    },\n  },\n};\n"],"mappings":";;;;;;eAAe;EACb;EACA,6BAA6B,EAAE;IAC7BA,IAAI,EAAE;MACJC,IAAI,EAAE,CAAC,UAAU,CAAC;MAClBC,QAAQ,EAAE,EAAE;MACZC,WAAW,EAAE,mBAAmB;MAChCC,UAAU,EAAE,CACV;QACEC,EAAE,EAAE,MAAM;QACVC,IAAI,EAAE,SAAS;QACfC,QAAQ,EAAE,IAAI;QACdC,MAAM,EAAE;UACNC,IAAI,EAAE;QACR,CAAC;QACDN,WAAW,EAAE,SAAS;QACtBO,OAAO,EAAE;MACX,CAAC,CACF;MACDC,WAAW,EAAE;QACXC,OAAO,EAAE;UACP,kBAAkB,EAAE;YAClBJ,MAAM,EAAE;cACNK,IAAI,EAAE;YACR,CAAC;YACDH,OAAO,EAAE;cACPI,KAAK,EAAE,gBAAgB;cACvBC,KAAK,EAAE,wBAAwB;cAC/BZ,WAAW,EAAE;YACf;UACF;QACF,CAAC;QACDI,QAAQ,EAAE;MACZ,CAAC;MACDS,SAAS,EAAE;QACT,GAAG,EAAE;UACHb,WAAW,EAAE;QACf,CAAC;QACD,GAAG,EAAE;UACHA,WAAW,EAAE;QACf,CAAC;QACD,GAAG,EAAE;UACHA,WAAW,EAAE;QACf,CAAC;QACD,GAAG,EAAE;UACHA,WAAW,EAAE;QACf,CAAC;QACD,GAAG,EAAE;UACHA,WAAW,EAAE;QACf;MACF;IACF;EACF,CAAC;EACD,6BAA6B,EAAE;IAC7Bc,GAAG,EAAE;MACHhB,IAAI,EAAE,CAAC,UAAU,CAAC;MAClBE,WAAW,EAAE,2BAA2B;MACxCC,UAAU,EAAE,CACV;QACEC,EAAE,EAAE,MAAM;QACVC,IAAI,EAAE,SAAS;QACfC,QAAQ,EAAE,IAAI;QACdC,MAAM,EAAE;UACNC,IAAI,EAAE;QACR,CAAC;QACDN,WAAW,EAAE,SAAS;QACtBO,OAAO,EAAE;MACX,CAAC,CACF;MACDM,SAAS,EAAE;QACT,GAAG,EAAE;UACHb,WAAW,EAAE;QACf,CAAC;QACD,GAAG,EAAE;UACHA,WAAW,EAAE;QACf,CAAC;QACD,GAAG,EAAE;UACHA,WAAW,EAAE;QACf,CAAC;QACD,GAAG,EAAE;UACHA,WAAW,EAAE;QACf,CAAC;QACD,GAAG,EAAE;UACHA,WAAW,EAAE;QACf,CAAC;QACD,GAAG,EAAE;UACHA,WAAW,EAAE;QACf;MACF;IACF;EACF,CAAC;EAED,sBAAsB,EAAE;IACtBe,MAAM,EAAE;MACNhB,QAAQ,EAAE,EAAE;MACZD,IAAI,EAAE,CAAC,UAAU,CAAC;MAClBE,WAAW,EAAE,wBAAwB;MACrCC,UAAU,EAAE,CACV;QACEC,EAAE,EAAE,MAAM;QACVC,IAAI,EAAE,IAAI;QACVC,QAAQ,EAAE;MACZ,CAAC,CACF;MACDI,WAAW,EAAE;QACXC,OAAO,EAAE;UACP,kBAAkB,EAAE;YAClBJ,MAAM,EAAE;cACNK,IAAI,EAAE;YACR,CAAC;YACDH,OAAO,EAAE;cACPS,EAAE,EAAE;YACN;UACF;QACF,CAAC;QACDZ,QAAQ,EAAE;MACZ,CAAC;MAEDS,SAAS,EAAE;QACT,GAAG,EAAE;UACHb,WAAW,EAAE;QACf,CAAC;QACD,GAAG,EAAE;UACHA,WAAW,EAAE;QACf,CAAC;QACD,GAAG,EAAE;UACHA,WAAW,EAAE;QACf,CAAC;QACD,GAAG,EAAE;UACHA,WAAW,EAAE;QACf,CAAC;QACD,GAAG,EAAE;UACHA,WAAW,EAAE;QACf,CAAC;QAED,GAAG,EAAE;UACHA,WAAW,EAAE;QACf;MACF;IAEF;EACF;AACF,CAAC;AAAA"},"_coverageSchema":"1a1c01bbd47fc00a2c39e90264f33305004495a9","hash":"ee6eac4e312698ab9bd5269ad645a98b314f8344","contentHash":"2c9f76e2f4d5f4d8ab430e16a85929855d76b984628aa76a6ab49affe72de00b"},"/Users/andelarwanda/Anathole/Andela/portfolio-backend/src/documentantion/contacts.js":{"path":"/Users/andelarwanda/Anathole/Andela/portfolio-backend/src/documentantion/contacts.js","statementMap":{"0":{"start":{"line":3,"column":0},"end":{"line":5,"column":3}},"1":{"start":{"line":6,"column":0},"end":{"line":6,"column":25}},"2":{"start":{"line":7,"column":15},"end":{"line":152,"column":1}},"3":{"start":{"line":153,"column":0},"end":{"line":153,"column":27}}},"fnMap":{},"branchMap":{},"s":{"0":1,"1":1,"2":1,"3":1},"f":{},"b":{},"inputSourceMap":{"version":3,"names":["post","tags","security","description","parameters","requestBody","content","schema","$ref","example","names","email","required","responses","get","in","name","type","message","delete","id"],"sourceRoot":"/Users/andelarwanda/Anathole/Andela/portfolio-backend/src/documentantion/","sources":["contacts.js"],"sourcesContent":["\n   export default {\n     \"/api/contacts/add\": {\n    post: {\n      tags: [\"Contacts\"],\n      security: [],\n      description: \"Sending message query\",\n      parameters: [],\n      requestBody: {\n        content: {\n          \"application/json\": {\n            schema: {\n              $ref: \"#/components/schemas/Contact\",\n            },\n            example: {\n              names: \"Anathole Ana10\",\n              email: \"Ana10@webmail.com\",\n              description: \"message description\",\n            },\n          },\n        },\n        required: true,\n      },\n      responses: {\n        201: {\n          description:  \"Message sent successfully\",\n        },\n        400: {\n          description:  'bad request, all filds are required',\n         \n        },\n        500: {\n          description: \"Internal Server Error\",\n        },\n      },\n    },\n  },\n  \n  \"/api/contacts/all\": {\n    get: {\n      tags: [\"Contacts\"],\n      description: \"Getting all contacts queries\",\n      security: [],\n\n      parameters: [\n        {\n          in: 'header',\n          name: 'token',\n          type: 'apiKey',\n          required: true,\n          example: 'Bearer ',\n          description: \"Token authorization\",\n        }\n\n      ],\n      responses: {\n        200: {\n          description: \"successfully\",\n        },\n        204 : {\n          description: {message: \" No Contacts found!\"},},\n        },\n        401: {\n          description: \"Not Authorized\",\n        },\n        500: {\n          description: \"Internal Server Error\",\n        },\n      },\n    },\n  \n  \"/api/contacts/{id}\": {\n    get: {\n      security: [],\n      tags: [\"Contacts\"],\n      description: \"Get single contact by id\",\n      parameters: [\n        {\n          in: 'header',\n          name: 'token',\n          type: 'apiKey',\n          example: 'Bearer ',\n          description: \"Token authorization\",\n          required: true,\n        },\n        {\n          in: \"path\",\n          name: \"id\",\n          example : \"63c000daf9c95832580c98db\",\n          required: true,\n        },\n\n      ],\n      responses: {\n        200: {\n          description: \"successfully\",\n        },\n        400: { \n          description: 'Contact ID required.' \n        },\n        401: {\n          description: \"Not Authorized\",\n        },\n        500: {\n          description:  \"Internal Server Error\",\n        },\n      },\n    },\n},\n\n  \"/api/contacts/delete\": {\n    delete: {\n      security: [],\n      tags: [\"Contacts\"],\n      description: \"delete contact by id\",\n      parameters: [\n        {\n          in: 'header',\n          name: 'token',\n          type: 'apiKey',\n          example: 'Bearer ',\n          description: \"Token authorization\",\n          required: true,\n        }\n      ],\n      requestBody: {\n        content: {\n          \"application/json\": {\n            schema: {\n              $ref: \"#/components/schemas/Contact\",\n            },\n            example: {\n              id: \"63c464d52c0cd9743f1c81c1\",\n            },\n          },\n        },\n        required: true,\n      },\n      responses: {\n        200: {\n          description: \"successfully\",\n        },\n        204 : {\n          description: \"No Contacts found!\"\n        },\n        400 : {\n          description:  \"bad request, Id required\",\n        },\n        403 : {\n          description:  \"Not Authorized\",\n        },\n        500: {\n          description: \"Internal Server Error\",\n        },\n      },\n    },\n  },\n}"],"mappings":";;;;;;eACkB;EACb,mBAAmB,EAAE;IACtBA,IAAI,EAAE;MACJC,IAAI,EAAE,CAAC,UAAU,CAAC;MAClBC,QAAQ,EAAE,EAAE;MACZC,WAAW,EAAE,uBAAuB;MACpCC,UAAU,EAAE,EAAE;MACdC,WAAW,EAAE;QACXC,OAAO,EAAE;UACP,kBAAkB,EAAE;YAClBC,MAAM,EAAE;cACNC,IAAI,EAAE;YACR,CAAC;YACDC,OAAO,EAAE;cACPC,KAAK,EAAE,gBAAgB;cACvBC,KAAK,EAAE,mBAAmB;cAC1BR,WAAW,EAAE;YACf;UACF;QACF,CAAC;QACDS,QAAQ,EAAE;MACZ,CAAC;MACDC,SAAS,EAAE;QACT,GAAG,EAAE;UACHV,WAAW,EAAG;QAChB,CAAC;QACD,GAAG,EAAE;UACHA,WAAW,EAAG;QAEhB,CAAC;QACD,GAAG,EAAE;UACHA,WAAW,EAAE;QACf;MACF;IACF;EACF,CAAC;EAED,mBAAmB,EAAE;IACnBW,GAAG,EAAE;MACHb,IAAI,EAAE,CAAC,UAAU,CAAC;MAClBE,WAAW,EAAE,8BAA8B;MAC3CD,QAAQ,EAAE,EAAE;MAEZE,UAAU,EAAE,CACV;QACEW,EAAE,EAAE,QAAQ;QACZC,IAAI,EAAE,OAAO;QACbC,IAAI,EAAE,QAAQ;QACdL,QAAQ,EAAE,IAAI;QACdH,OAAO,EAAE,SAAS;QAClBN,WAAW,EAAE;MACf,CAAC,CAEF;MACDU,SAAS,EAAE;QACT,GAAG,EAAE;UACHV,WAAW,EAAE;QACf,CAAC;QACD,GAAG,EAAG;UACJA,WAAW,EAAE;YAACe,OAAO,EAAE;UAAqB;QAAE;MAChD,CAAC;MACD,GAAG,EAAE;QACHf,WAAW,EAAE;MACf,CAAC;MACD,GAAG,EAAE;QACHA,WAAW,EAAE;MACf;IACF;EACF,CAAC;EAEH,oBAAoB,EAAE;IACpBW,GAAG,EAAE;MACHZ,QAAQ,EAAE,EAAE;MACZD,IAAI,EAAE,CAAC,UAAU,CAAC;MAClBE,WAAW,EAAE,0BAA0B;MACvCC,UAAU,EAAE,CACV;QACEW,EAAE,EAAE,QAAQ;QACZC,IAAI,EAAE,OAAO;QACbC,IAAI,EAAE,QAAQ;QACdR,OAAO,EAAE,SAAS;QAClBN,WAAW,EAAE,qBAAqB;QAClCS,QAAQ,EAAE;MACZ,CAAC,EACD;QACEG,EAAE,EAAE,MAAM;QACVC,IAAI,EAAE,IAAI;QACVP,OAAO,EAAG,0BAA0B;QACpCG,QAAQ,EAAE;MACZ,CAAC,CAEF;MACDC,SAAS,EAAE;QACT,GAAG,EAAE;UACHV,WAAW,EAAE;QACf,CAAC;QACD,GAAG,EAAE;UACHA,WAAW,EAAE;QACf,CAAC;QACD,GAAG,EAAE;UACHA,WAAW,EAAE;QACf,CAAC;QACD,GAAG,EAAE;UACHA,WAAW,EAAG;QAChB;MACF;IACF;EACJ,CAAC;EAEC,sBAAsB,EAAE;IACtBgB,MAAM,EAAE;MACNjB,QAAQ,EAAE,EAAE;MACZD,IAAI,EAAE,CAAC,UAAU,CAAC;MAClBE,WAAW,EAAE,sBAAsB;MACnCC,UAAU,EAAE,CACV;QACEW,EAAE,EAAE,QAAQ;QACZC,IAAI,EAAE,OAAO;QACbC,IAAI,EAAE,QAAQ;QACdR,OAAO,EAAE,SAAS;QAClBN,WAAW,EAAE,qBAAqB;QAClCS,QAAQ,EAAE;MACZ,CAAC,CACF;MACDP,WAAW,EAAE;QACXC,OAAO,EAAE;UACP,kBAAkB,EAAE;YAClBC,MAAM,EAAE;cACNC,IAAI,EAAE;YACR,CAAC;YACDC,OAAO,EAAE;cACPW,EAAE,EAAE;YACN;UACF;QACF,CAAC;QACDR,QAAQ,EAAE;MACZ,CAAC;MACDC,SAAS,EAAE;QACT,GAAG,EAAE;UACHV,WAAW,EAAE;QACf,CAAC;QACD,GAAG,EAAG;UACJA,WAAW,EAAE;QACf,CAAC;QACD,GAAG,EAAG;UACJA,WAAW,EAAG;QAChB,CAAC;QACD,GAAG,EAAG;UACJA,WAAW,EAAG;QAChB,CAAC;QACD,GAAG,EAAE;UACHA,WAAW,EAAE;QACf;MACF;IACF;EACF;AACF,CAAC;AAAA"},"_coverageSchema":"1a1c01bbd47fc00a2c39e90264f33305004495a9","hash":"e82a52ccae291f2159a28e368f89f99be1cec9e8","contentHash":"373f957c5ee61f9826bc9c3365d7e06065bb76a7283dd436a8382e1ce585f2bd"},"/Users/andelarwanda/Anathole/Andela/portfolio-backend/src/middleware/corsOptions.js":{"path":"/Users/andelarwanda/Anathole/Andela/portfolio-backend/src/middleware/corsOptions.js","statementMap":{"0":{"start":{"line":3,"column":22},"end":{"line":3,"column":73}},"1":{"start":{"line":4,"column":39},"end":{"line":4,"column":93}},"2":{"start":{"line":5,"column":20},"end":{"line":14,"column":1}},"3":{"start":{"line":7,"column":4},"end":{"line":11,"column":5}},"4":{"start":{"line":8,"column":6},"end":{"line":8,"column":27}},"5":{"start":{"line":10,"column":6},"end":{"line":10,"column":49}},"6":{"start":{"line":15,"column":0},"end":{"line":15,"column":29}}},"fnMap":{"0":{"name":"_interopRequireDefault","decl":{"start":{"line":4,"column":9},"end":{"line":4,"column":31}},"loc":{"start":{"line":4,"column":37},"end":{"line":4,"column":95}},"line":4},"1":{"name":"(anonymous_1)","decl":{"start":{"line":6,"column":10},"end":{"line":6,"column":11}},"loc":{"start":{"line":6,"column":32},"end":{"line":12,"column":3}},"line":6}},"branchMap":{"0":{"loc":{"start":{"line":4,"column":46},"end":{"line":4,"column":92}},"type":"cond-expr","locations":[{"start":{"line":4,"column":70},"end":{"line":4,"column":73}},{"start":{"line":4,"column":76},"end":{"line":4,"column":92}}],"line":4},"1":{"loc":{"start":{"line":4,"column":46},"end":{"line":4,"column":67}},"type":"binary-expr","locations":[{"start":{"line":4,"column":46},"end":{"line":4,"column":49}},{"start":{"line":4,"column":53},"end":{"line":4,"column":67}}],"line":4},"2":{"loc":{"start":{"line":7,"column":4},"end":{"line":11,"column":5}},"type":"if","locations":[{"start":{"line":7,"column":4},"end":{"line":11,"column":5}},{"start":{"line":7,"column":4},"end":{"line":11,"column":5}}],"line":7},"3":{"loc":{"start":{"line":7,"column":8},"end":{"line":7,"column":65}},"type":"binary-expr","locations":[{"start":{"line":7,"column":8},"end":{"line":7,"column":54}},{"start":{"line":7,"column":58},"end":{"line":7,"column":65}}],"line":7}},"s":{"0":1,"1":1,"2":1,"3":0,"4":0,"5":0,"6":1},"f":{"0":1,"1":0},"b":{"0":[1,0],"1":[1,1],"2":[0,0],"3":[0,0]},"inputSourceMap":{"version":3,"names":["corsOptions","origin","callback","allowedOrigins","indexOf","Error","optionsSuccessStatus","module","exports"],"sourceRoot":"/Users/andelarwanda/Anathole/Andela/portfolio-backend/src/middleware/","sources":["corsOptions.js"],"sourcesContent":["import allowedOrigins from './allowedOrigins';\n\nconst corsOptions = {\n    origin: (origin, callback) => {\n        if (allowedOrigins.indexOf(origin) !== -1 || !origin) {\n            callback(null, true)\n        } else {\n            callback(new Error('Not allowed by CORS'));\n        }\n    },\n    optionsSuccessStatus: 200\n}\n\nmodule.exports = corsOptions;"],"mappings":";;AAAA;AAA8C;AAE9C,MAAMA,WAAW,GAAG;EAChBC,MAAM,EAAE,CAACA,MAAM,EAAEC,QAAQ,KAAK;IAC1B,IAAIC,uBAAc,CAACC,OAAO,CAACH,MAAM,CAAC,KAAK,CAAC,CAAC,IAAI,CAACA,MAAM,EAAE;MAClDC,QAAQ,CAAC,IAAI,EAAE,IAAI,CAAC;IACxB,CAAC,MAAM;MACHA,QAAQ,CAAC,IAAIG,KAAK,CAAC,qBAAqB,CAAC,CAAC;IAC9C;EACJ,CAAC;EACDC,oBAAoB,EAAE;AAC1B,CAAC;AAEDC,MAAM,CAACC,OAAO,GAAGR,WAAW"},"_coverageSchema":"1a1c01bbd47fc00a2c39e90264f33305004495a9","hash":"e14a252bd16a2183292f10e8b9e5bc3e997031d6","contentHash":"524c36e34c9d3566b09fcdc462dd544bd3752b2b2ff58e5788c806f13f1c62d3"},"/Users/andelarwanda/Anathole/Andela/portfolio-backend/src/middleware/allowedOrigins.js":{"path":"/Users/andelarwanda/Anathole/Andela/portfolio-backend/src/middleware/allowedOrigins.js","statementMap":{"0":{"start":{"line":3,"column":0},"end":{"line":5,"column":3}},"1":{"start":{"line":6,"column":0},"end":{"line":6,"column":25}},"2":{"start":{"line":7,"column":23},"end":{"line":7,"column":142}},"3":{"start":{"line":8,"column":15},"end":{"line":8,"column":29}},"4":{"start":{"line":9,"column":0},"end":{"line":9,"column":27}}},"fnMap":{},"branchMap":{},"s":{"0":1,"1":1,"2":1,"3":1,"4":1},"f":{},"b":{},"inputSourceMap":{"version":3,"names":["allowedOrigins"],"sourceRoot":"/Users/andelarwanda/Anathole/Andela/portfolio-backend/src/middleware/","sources":["allowedOrigins.js"],"sourcesContent":["const allowedOrigins = [\n    'https://indigo-barracuda-wig.cyclic.app/',\n    'http://127.0.0.1:5500',\n    'http://127.0.0.1:5000',\n    'http://localhost:5000',\n\n];\n\nexport default allowedOrigins;"],"mappings":";;;;;;AAAA,MAAMA,cAAc,GAAG,CACnB,0CAA0C,EAC1C,uBAAuB,EACvB,uBAAuB,EACvB,uBAAuB,CAE1B;AAAC,eAEaA,cAAc;AAAA"},"_coverageSchema":"1a1c01bbd47fc00a2c39e90264f33305004495a9","hash":"ecb8afed2bf559d13683c86230db246d7ab95c4a","contentHash":"0f87610c21746e89e98dc46dbcaaa052b60e4ba2b1dcf741bacf193ebbc69329"},"/Users/andelarwanda/Anathole/Andela/portfolio-backend/src/seeders/userSeeder.js":{"path":"/Users/andelarwanda/Anathole/Andela/portfolio-backend/src/seeders/userSeeder.js","statementMap":{"0":{"start":{"line":3,"column":0},"end":{"line":5,"column":3}},"1":{"start":{"line":6,"column":0},"end":{"line":6,"column":25}},"2":{"start":{"line":7,"column":19},"end":{"line":73,"column":1}},"3":{"start":{"line":74,"column":15},"end":{"line":74,"column":25}},"4":{"start":{"line":75,"column":0},"end":{"line":75,"column":27}}},"fnMap":{},"branchMap":{},"s":{"0":1,"1":1,"2":1,"3":1,"4":1},"f":{},"b":{},"inputSourceMap":{"version":3,"names":["userSeeder","signUp","names","password","email","roles","signUp2","loginNotRegistred","loginRegistered","invalidLoginDetails","missingPassword","existingUsername","existingEmail","noFullName","username","passwordConfirm","noEmail","fullName","validRegisterDetails","invalidUsernameMin5"],"sourceRoot":"/Users/andelarwanda/Anathole/Andela/portfolio-backend/src/seeders/","sources":["userSeeder.js"],"sourcesContent":["const userSeeder = {\n\n\n  signUp: {\n    names: \"Anathole K\",\n    password: \"1234\",\n    email: \"test@gmail.com\",\n    roles: \"user\",\n  },\n\n  signUp2: {\n    names: \"Anathole-2 K\",\n    password: \"1234\",\n    email: \"test2@gmail.com\",\n    roles: \"user\",\n  },\n\n  loginNotRegistred: {\n    email: \"anonymos@gmail.com\",\n    password: \"1234\",\n  },\n  loginRegistered: {\n    email: \"test@gmail.com\",\n    password: \"1234\",\n  },\n  invalidLoginDetails: {\n    email: \"aimeanathole@gmail.com\",\n    password: \"12345678\",\n  },\n\n  missingPassword: {\n    email: \"aimeanathole@gmail.com\",\n  },\n\n  existingUsername: {\n    names: \"Anathole K\",\n    password: \"1234\",\n    email: \"aimeanathole@gmail.com\",\n    roles: \"user\",\n  },\n\n  existingEmail: {\n    names: \"Anathole K\",\n    password: \"1234\",\n    email: \"aimeanathole@gmail.com\",\n    roles: \"user\",\n  },\n  noFullName: {\n    username: \"cato123\",\n    password: \"123456\",\n    email: \"cato123@gmail.com\",\n    passwordConfirm: \"123456\",\n  },\n  noEmail: {\n    fullName: \"Killian Chukwu\",\n    username: \"Chukwu123\",\n    password: \"123456\",\n    passwordConfirm: \"123456\",\n  },\n  validRegisterDetails: {\n    fullName: \"Cleanthes Stoic\",\n    username: \"testuser1\",\n    password: \"password1\",\n    email: \"cleanthes123@gmail.com\",\n    passwordConfirm: \"password1\",\n  },\n  invalidUsernameMin5: {\n    fullName: \"Cleanthes Stoic\",\n    username: \"test\",\n    password: \"password2\",\n    email: \"cleanthes456@gmail.com\",\n    passwordConfirm: \"password2\",\n  },\n};\n\nexport default userSeeder;\n"],"mappings":";;;;;;AAAA,MAAMA,UAAU,GAAG;EAGjBC,MAAM,EAAE;IACNC,KAAK,EAAE,YAAY;IACnBC,QAAQ,EAAE,MAAM;IAChBC,KAAK,EAAE,gBAAgB;IACvBC,KAAK,EAAE;EACT,CAAC;EAEDC,OAAO,EAAE;IACPJ,KAAK,EAAE,cAAc;IACrBC,QAAQ,EAAE,MAAM;IAChBC,KAAK,EAAE,iBAAiB;IACxBC,KAAK,EAAE;EACT,CAAC;EAEDE,iBAAiB,EAAE;IACjBH,KAAK,EAAE,oBAAoB;IAC3BD,QAAQ,EAAE;EACZ,CAAC;EACDK,eAAe,EAAE;IACfJ,KAAK,EAAE,gBAAgB;IACvBD,QAAQ,EAAE;EACZ,CAAC;EACDM,mBAAmB,EAAE;IACnBL,KAAK,EAAE,wBAAwB;IAC/BD,QAAQ,EAAE;EACZ,CAAC;EAEDO,eAAe,EAAE;IACfN,KAAK,EAAE;EACT,CAAC;EAEDO,gBAAgB,EAAE;IAChBT,KAAK,EAAE,YAAY;IACnBC,QAAQ,EAAE,MAAM;IAChBC,KAAK,EAAE,wBAAwB;IAC/BC,KAAK,EAAE;EACT,CAAC;EAEDO,aAAa,EAAE;IACbV,KAAK,EAAE,YAAY;IACnBC,QAAQ,EAAE,MAAM;IAChBC,KAAK,EAAE,wBAAwB;IAC/BC,KAAK,EAAE;EACT,CAAC;EACDQ,UAAU,EAAE;IACVC,QAAQ,EAAE,SAAS;IACnBX,QAAQ,EAAE,QAAQ;IAClBC,KAAK,EAAE,mBAAmB;IAC1BW,eAAe,EAAE;EACnB,CAAC;EACDC,OAAO,EAAE;IACPC,QAAQ,EAAE,gBAAgB;IAC1BH,QAAQ,EAAE,WAAW;IACrBX,QAAQ,EAAE,QAAQ;IAClBY,eAAe,EAAE;EACnB,CAAC;EACDG,oBAAoB,EAAE;IACpBD,QAAQ,EAAE,iBAAiB;IAC3BH,QAAQ,EAAE,WAAW;IACrBX,QAAQ,EAAE,WAAW;IACrBC,KAAK,EAAE,wBAAwB;IAC/BW,eAAe,EAAE;EACnB,CAAC;EACDI,mBAAmB,EAAE;IACnBF,QAAQ,EAAE,iBAAiB;IAC3BH,QAAQ,EAAE,MAAM;IAChBX,QAAQ,EAAE,WAAW;IACrBC,KAAK,EAAE,wBAAwB;IAC/BW,eAAe,EAAE;EACnB;AACF,CAAC;AAAC,eAEaf,UAAU;AAAA"},"_coverageSchema":"1a1c01bbd47fc00a2c39e90264f33305004495a9","hash":"ff98026971a06340bb4a253c4d0bbfa1889846e8","contentHash":"5f5d62a202c9a926cf66527a44cccc85a57f6c0e7af948fd8f74a42e700c9b6b"}}