{"total": {"lines":{"total":458,"covered":370,"skipped":0,"pct":80.78},"statements":{"total":532,"covered":430,"skipped":0,"pct":80.82},"functions":{"total":65,"covered":56,"skipped":0,"pct":86.15},"branches":{"total":224,"covered":145,"skipped":0,"pct":64.73},"branchesTrue":{"total":0,"covered":0,"skipped":0,"pct":100}}
,"/Users/andelarwanda/Anathole/Andela/portfolio-backend/src/index.js": {"lines":{"total":40,"covered":40,"skipped":0,"pct":100},"functions":{"total":4,"covered":4,"skipped":0,"pct":100},"statements":{"total":43,"covered":43,"skipped":0,"pct":100},"branches":{"total":6,"covered":3,"skipped":0,"pct":50}}
,"/Users/andelarwanda/Anathole/Andela/portfolio-backend/src/config/cloudinary.js": {"lines":{"total":7,"covered":7,"skipped":0,"pct":100},"functions":{"total":1,"covered":1,"skipped":0,"pct":100},"statements":{"total":8,"covered":8,"skipped":0,"pct":100},"branches":{"total":2,"covered":2,"skipped":0,"pct":100}}
,"/Users/andelarwanda/Anathole/Andela/portfolio-backend/src/config/dbConn.js": {"lines":{"total":11,"covered":10,"skipped":0,"pct":90.9},"functions":{"total":2,"covered":2,"skipped":0,"pct":100},"statements":{"total":13,"covered":12,"skipped":0,"pct":92.3},"branches":{"total":4,"covered":3,"skipped":0,"pct":75}}
,"/Users/andelarwanda/Anathole/Andela/portfolio-backend/src/config/multer.js": {"lines":{"total":4,"covered":4,"skipped":0,"pct":100},"functions":{"total":2,"covered":2,"skipped":0,"pct":100},"statements":{"total":5,"covered":5,"skipped":0,"pct":100},"branches":{"total":2,"covered":2,"skipped":0,"pct":100}}
,"/Users/andelarwanda/Anathole/Andela/portfolio-backend/src/config/roles_list.js": {"lines":{"total":2,"covered":2,"skipped":0,"pct":100},"functions":{"total":0,"covered":0,"skipped":0,"pct":100},"statements":{"total":3,"covered":3,"skipped":0,"pct":100},"branches":{"total":0,"covered":0,"skipped":0,"pct":100}}
,"/Users/andelarwanda/Anathole/Andela/portfolio-backend/src/controllers/BlogsController.js": {"lines":{"total":62,"covered":39,"skipped":0,"pct":62.9},"functions":{"total":6,"covered":6,"skipped":0,"pct":100},"statements":{"total":68,"covered":40,"skipped":0,"pct":58.82},"branches":{"total":44,"covered":20,"skipped":0,"pct":45.45}}
,"/Users/andelarwanda/Anathole/Andela/portfolio-backend/src/controllers/CategoriesController.js": {"lines":{"total":40,"covered":38,"skipped":0,"pct":95},"functions":{"total":6,"covered":6,"skipped":0,"pct":100},"statements":{"total":45,"covered":42,"skipped":0,"pct":93.33},"branches":{"total":24,"covered":21,"skipped":0,"pct":87.5}}
,"/Users/andelarwanda/Anathole/Andela/portfolio-backend/src/controllers/CommentsController.js": {"lines":{"total":61,"covered":21,"skipped":0,"pct":34.42},"functions":{"total":6,"covered":3,"skipped":0,"pct":50},"statements":{"total":64,"covered":22,"skipped":0,"pct":34.37},"branches":{"total":41,"covered":7,"skipped":0,"pct":17.07}}
,"/Users/andelarwanda/Anathole/Andela/portfolio-backend/src/controllers/ContactsController.js": {"lines":{"total":30,"covered":27,"skipped":0,"pct":90},"functions":{"total":5,"covered":5,"skipped":0,"pct":100},"statements":{"total":33,"covered":30,"skipped":0,"pct":90.9},"branches":{"total":19,"covered":17,"skipped":0,"pct":89.47}}
,"/Users/andelarwanda/Anathole/Andela/portfolio-backend/src/controllers/authController.js": {"lines":{"total":20,"covered":20,"skipped":0,"pct":100},"functions":{"total":2,"covered":2,"skipped":0,"pct":100},"statements":{"total":23,"covered":23,"skipped":0,"pct":100},"branches":{"total":10,"covered":10,"skipped":0,"pct":100}}
,"/Users/andelarwanda/Anathole/Andela/portfolio-backend/src/controllers/logoutController.js": {"lines":{"total":14,"covered":3,"skipped":0,"pct":21.42},"functions":{"total":2,"covered":1,"skipped":0,"pct":50},"statements":{"total":17,"covered":5,"skipped":0,"pct":29.41},"branches":{"total":6,"covered":2,"skipped":0,"pct":33.33}}
,"/Users/andelarwanda/Anathole/Andela/portfolio-backend/src/controllers/registerController.js": {"lines":{"total":11,"covered":11,"skipped":0,"pct":100},"functions":{"total":2,"covered":2,"skipped":0,"pct":100},"statements":{"total":15,"covered":15,"skipped":0,"pct":100},"branches":{"total":9,"covered":9,"skipped":0,"pct":100}}
,"/Users/andelarwanda/Anathole/Andela/portfolio-backend/src/controllers/usersController.js": {"lines":{"total":22,"covered":20,"skipped":0,"pct":90.9},"functions":{"total":4,"covered":4,"skipped":0,"pct":100},"statements":{"total":24,"covered":22,"skipped":0,"pct":91.66},"branches":{"total":10,"covered":8,"skipped":0,"pct":80}}
,"/Users/andelarwanda/Anathole/Andela/portfolio-backend/src/documentantion/auth.js": {"lines":{"total":2,"covered":2,"skipped":0,"pct":100},"functions":{"total":0,"covered":0,"skipped":0,"pct":100},"statements":{"total":2,"covered":2,"skipped":0,"pct":100},"branches":{"total":0,"covered":0,"skipped":0,"pct":100}}
,"/Users/andelarwanda/Anathole/Andela/portfolio-backend/src/documentantion/blogs.js": {"lines":{"total":2,"covered":2,"skipped":0,"pct":100},"functions":{"total":0,"covered":0,"skipped":0,"pct":100},"statements":{"total":2,"covered":2,"skipped":0,"pct":100},"branches":{"total":0,"covered":0,"skipped":0,"pct":100}}
,"/Users/andelarwanda/Anathole/Andela/portfolio-backend/src/documentantion/categories.js": {"lines":{"total":2,"covered":2,"skipped":0,"pct":100},"functions":{"total":0,"covered":0,"skipped":0,"pct":100},"statements":{"total":2,"covered":2,"skipped":0,"pct":100},"branches":{"total":0,"covered":0,"skipped":0,"pct":100}}
,"/Users/andelarwanda/Anathole/Andela/portfolio-backend/src/documentantion/comments.js": {"lines":{"total":2,"covered":2,"skipped":0,"pct":100},"functions":{"total":0,"covered":0,"skipped":0,"pct":100},"statements":{"total":2,"covered":2,"skipped":0,"pct":100},"branches":{"total":0,"covered":0,"skipped":0,"pct":100}}
,"/Users/andelarwanda/Anathole/Andela/portfolio-backend/src/documentantion/contacts.js": {"lines":{"total":2,"covered":2,"skipped":0,"pct":100},"functions":{"total":0,"covered":0,"skipped":0,"pct":100},"statements":{"total":2,"covered":2,"skipped":0,"pct":100},"branches":{"total":0,"covered":0,"skipped":0,"pct":100}}
,"/Users/andelarwanda/Anathole/Andela/portfolio-backend/src/documentantion/index.js": {"lines":{"total":12,"covered":12,"skipped":0,"pct":100},"functions":{"total":1,"covered":1,"skipped":0,"pct":100},"statements":{"total":14,"covered":14,"skipped":0,"pct":100},"branches":{"total":2,"covered":2,"skipped":0,"pct":100}}
,"/Users/andelarwanda/Anathole/Andela/portfolio-backend/src/documentantion/user.js": {"lines":{"total":2,"covered":2,"skipped":0,"pct":100},"functions":{"total":0,"covered":0,"skipped":0,"pct":100},"statements":{"total":2,"covered":2,"skipped":0,"pct":100},"branches":{"total":4,"covered":2,"skipped":0,"pct":50}}
,"/Users/andelarwanda/Anathole/Andela/portfolio-backend/src/documentantion/schema/schemas.js": {"lines":{"total":2,"covered":2,"skipped":0,"pct":100},"functions":{"total":0,"covered":0,"skipped":0,"pct":100},"statements":{"total":2,"covered":2,"skipped":0,"pct":100},"branches":{"total":0,"covered":0,"skipped":0,"pct":100}}
,"/Users/andelarwanda/Anathole/Andela/portfolio-backend/src/middleware/verifyJWT.js": {"lines":{"total":13,"covered":13,"skipped":0,"pct":100},"functions":{"total":3,"covered":3,"skipped":0,"pct":100},"statements":{"total":17,"covered":17,"skipped":0,"pct":100},"branches":{"total":9,"covered":9,"skipped":0,"pct":100}}
,"/Users/andelarwanda/Anathole/Andela/portfolio-backend/src/middleware/verifyRoles.js": {"lines":{"total":7,"covered":2,"skipped":0,"pct":28.57},"functions":{"total":4,"covered":0,"skipped":0,"pct":0},"statements":{"total":13,"covered":3,"skipped":0,"pct":23.07},"branches":{"total":4,"covered":0,"skipped":0,"pct":0}}
,"/Users/andelarwanda/Anathole/Andela/portfolio-backend/src/models/Blog.js": {"lines":{"total":4,"covered":4,"skipped":0,"pct":100},"functions":{"total":1,"covered":1,"skipped":0,"pct":100},"statements":{"total":6,"covered":6,"skipped":0,"pct":100},"branches":{"total":2,"covered":2,"skipped":0,"pct":100}}
,"/Users/andelarwanda/Anathole/Andela/portfolio-backend/src/models/Category.js": {"lines":{"total":4,"covered":4,"skipped":0,"pct":100},"functions":{"total":1,"covered":1,"skipped":0,"pct":100},"statements":{"total":6,"covered":6,"skipped":0,"pct":100},"branches":{"total":2,"covered":2,"skipped":0,"pct":100}}
,"/Users/andelarwanda/Anathole/Andela/portfolio-backend/src/models/Comment.js": {"lines":{"total":4,"covered":4,"skipped":0,"pct":100},"functions":{"total":1,"covered":1,"skipped":0,"pct":100},"statements":{"total":6,"covered":6,"skipped":0,"pct":100},"branches":{"total":2,"covered":2,"skipped":0,"pct":100}}
,"/Users/andelarwanda/Anathole/Andela/portfolio-backend/src/models/Contact.js": {"lines":{"total":4,"covered":4,"skipped":0,"pct":100},"functions":{"total":1,"covered":1,"skipped":0,"pct":100},"statements":{"total":6,"covered":6,"skipped":0,"pct":100},"branches":{"total":2,"covered":2,"skipped":0,"pct":100}}
,"/Users/andelarwanda/Anathole/Andela/portfolio-backend/src/models/User.js": {"lines":{"total":4,"covered":4,"skipped":0,"pct":100},"functions":{"total":1,"covered":1,"skipped":0,"pct":100},"statements":{"total":6,"covered":6,"skipped":0,"pct":100},"branches":{"total":2,"covered":2,"skipped":0,"pct":100}}
,"/Users/andelarwanda/Anathole/Andela/portfolio-backend/src/routes/home.js": {"lines":{"total":5,"covered":4,"skipped":0,"pct":80},"functions":{"total":2,"covered":1,"skipped":0,"pct":50},"statements":{"total":6,"covered":5,"skipped":0,"pct":83.33},"branches":{"total":2,"covered":2,"skipped":0,"pct":100}}
,"/Users/andelarwanda/Anathole/Andela/portfolio-backend/src/routes/login.js": {"lines":{"total":5,"covered":5,"skipped":0,"pct":100},"functions":{"total":1,"covered":1,"skipped":0,"pct":100},"statements":{"total":6,"covered":6,"skipped":0,"pct":100},"branches":{"total":2,"covered":2,"skipped":0,"pct":100}}
,"/Users/andelarwanda/Anathole/Andela/portfolio-backend/src/routes/logout.js": {"lines":{"total":5,"covered":5,"skipped":0,"pct":100},"functions":{"total":1,"covered":1,"skipped":0,"pct":100},"statements":{"total":7,"covered":7,"skipped":0,"pct":100},"branches":{"total":2,"covered":2,"skipped":0,"pct":100}}
,"/Users/andelarwanda/Anathole/Andela/portfolio-backend/src/routes/register.js": {"lines":{"total":5,"covered":5,"skipped":0,"pct":100},"functions":{"total":1,"covered":1,"skipped":0,"pct":100},"statements":{"total":7,"covered":7,"skipped":0,"pct":100},"branches":{"total":2,"covered":2,"skipped":0,"pct":100}}
,"/Users/andelarwanda/Anathole/Andela/portfolio-backend/src/routes/api/blogs.js": {"lines":{"total":12,"covered":12,"skipped":0,"pct":100},"functions":{"total":1,"covered":1,"skipped":0,"pct":100},"statements":{"total":14,"covered":14,"skipped":0,"pct":100},"branches":{"total":2,"covered":2,"skipped":0,"pct":100}}
,"/Users/andelarwanda/Anathole/Andela/portfolio-backend/src/routes/api/categories.js": {"lines":{"total":10,"covered":10,"skipped":0,"pct":100},"functions":{"total":1,"covered":1,"skipped":0,"pct":100},"statements":{"total":12,"covered":12,"skipped":0,"pct":100},"branches":{"total":2,"covered":2,"skipped":0,"pct":100}}
,"/Users/andelarwanda/Anathole/Andela/portfolio-backend/src/routes/api/comments.js": {"lines":{"total":9,"covered":9,"skipped":0,"pct":100},"functions":{"total":1,"covered":1,"skipped":0,"pct":100},"statements":{"total":11,"covered":11,"skipped":0,"pct":100},"branches":{"total":2,"covered":2,"skipped":0,"pct":100}}
,"/Users/andelarwanda/Anathole/Andela/portfolio-backend/src/routes/api/contacts.js": {"lines":{"total":9,"covered":9,"skipped":0,"pct":100},"functions":{"total":1,"covered":1,"skipped":0,"pct":100},"statements":{"total":11,"covered":11,"skipped":0,"pct":100},"branches":{"total":2,"covered":2,"skipped":0,"pct":100}}
,"/Users/andelarwanda/Anathole/Andela/portfolio-backend/src/routes/api/users.js": {"lines":{"total":8,"covered":8,"skipped":0,"pct":100},"functions":{"total":1,"covered":1,"skipped":0,"pct":100},"statements":{"total":9,"covered":9,"skipped":0,"pct":100},"branches":{"total":2,"covered":2,"skipped":0,"pct":100}}
}
