{"total": {"lines":{"total":467,"covered":315,"skipped":0,"pct":67.45},"statements":{"total":550,"covered":373,"skipped":0,"pct":67.81},"functions":{"total":67,"covered":46,"skipped":0,"pct":68.65},"branches":{"total":234,"covered":105,"skipped":0,"pct":44.87},"branchesTrue":{"total":0,"covered":0,"skipped":0,"pct":100}}
,"/Users/andelarwanda/Anathole/Andela/portfolio-backend/src/index.js": {"lines":{"total":39,"covered":38,"skipped":0,"pct":97.43},"functions":{"total":4,"covered":3,"skipped":0,"pct":75},"statements":{"total":42,"covered":40,"skipped":0,"pct":95.23},"branches":{"total":6,"covered":3,"skipped":0,"pct":50}}
,"/Users/andelarwanda/Anathole/Andela/portfolio-backend/src/config/cloudinary.js": {"lines":{"total":7,"covered":7,"skipped":0,"pct":100},"functions":{"total":1,"covered":1,"skipped":0,"pct":100},"statements":{"total":8,"covered":8,"skipped":0,"pct":100},"branches":{"total":2,"covered":2,"skipped":0,"pct":100}}
,"/Users/andelarwanda/Anathole/Andela/portfolio-backend/src/config/dbConn.js": {"lines":{"total":10,"covered":9,"skipped":0,"pct":90},"functions":{"total":2,"covered":2,"skipped":0,"pct":100},"statements":{"total":12,"covered":11,"skipped":0,"pct":91.66},"branches":{"total":4,"covered":3,"skipped":0,"pct":75}}
,"/Users/andelarwanda/Anathole/Andela/portfolio-backend/src/config/multer.js": {"lines":{"total":4,"covered":3,"skipped":0,"pct":75},"functions":{"total":2,"covered":1,"skipped":0,"pct":50},"statements":{"total":5,"covered":4,"skipped":0,"pct":80},"branches":{"total":2,"covered":2,"skipped":0,"pct":100}}
,"/Users/andelarwanda/Anathole/Andela/portfolio-backend/src/config/roles_list.js": {"lines":{"total":2,"covered":2,"skipped":0,"pct":100},"functions":{"total":0,"covered":0,"skipped":0,"pct":100},"statements":{"total":3,"covered":3,"skipped":0,"pct":100},"branches":{"total":0,"covered":0,"skipped":0,"pct":100}}
,"/Users/andelarwanda/Anathole/Andela/portfolio-backend/src/controllers/BlogsController.js": {"lines":{"total":59,"covered":20,"skipped":0,"pct":33.89},"functions":{"total":6,"covered":3,"skipped":0,"pct":50},"statements":{"total":68,"covered":21,"skipped":0,"pct":30.88},"branches":{"total":46,"covered":6,"skipped":0,"pct":13.04}}
,"/Users/andelarwanda/Anathole/Andela/portfolio-backend/src/controllers/CategoriesController.js": {"lines":{"total":41,"covered":16,"skipped":0,"pct":39.02},"functions":{"total":6,"covered":3,"skipped":0,"pct":50},"statements":{"total":47,"covered":17,"skipped":0,"pct":36.17},"branches":{"total":26,"covered":4,"skipped":0,"pct":15.38}}
,"/Users/andelarwanda/Anathole/Andela/portfolio-backend/src/controllers/CommentsController.js": {"lines":{"total":64,"covered":11,"skipped":0,"pct":17.18},"functions":{"total":6,"covered":1,"skipped":0,"pct":16.66},"statements":{"total":67,"covered":12,"skipped":0,"pct":17.91},"branches":{"total":41,"covered":2,"skipped":0,"pct":4.87}}
,"/Users/andelarwanda/Anathole/Andela/portfolio-backend/src/controllers/ContactsController.js": {"lines":{"total":28,"covered":18,"skipped":0,"pct":64.28},"functions":{"total":5,"covered":4,"skipped":0,"pct":80},"statements":{"total":33,"covered":20,"skipped":0,"pct":60.6},"branches":{"total":19,"covered":10,"skipped":0,"pct":52.63}}
,"/Users/andelarwanda/Anathole/Andela/portfolio-backend/src/controllers/authController.js": {"lines":{"total":20,"covered":20,"skipped":0,"pct":100},"functions":{"total":2,"covered":2,"skipped":0,"pct":100},"statements":{"total":23,"covered":23,"skipped":0,"pct":100},"branches":{"total":10,"covered":10,"skipped":0,"pct":100}}
,"/Users/andelarwanda/Anathole/Andela/portfolio-backend/src/controllers/logoutController.js": {"lines":{"total":14,"covered":3,"skipped":0,"pct":21.42},"functions":{"total":2,"covered":1,"skipped":0,"pct":50},"statements":{"total":17,"covered":5,"skipped":0,"pct":29.41},"branches":{"total":6,"covered":2,"skipped":0,"pct":33.33}}
,"/Users/andelarwanda/Anathole/Andela/portfolio-backend/src/controllers/registerController.js": {"lines":{"total":13,"covered":12,"skipped":0,"pct":92.3},"functions":{"total":2,"covered":2,"skipped":0,"pct":100},"statements":{"total":17,"covered":16,"skipped":0,"pct":94.11},"branches":{"total":9,"covered":9,"skipped":0,"pct":100}}
,"/Users/andelarwanda/Anathole/Andela/portfolio-backend/src/controllers/usersController.js": {"lines":{"total":22,"covered":21,"skipped":0,"pct":95.45},"functions":{"total":4,"covered":4,"skipped":0,"pct":100},"statements":{"total":24,"covered":23,"skipped":0,"pct":95.83},"branches":{"total":10,"covered":9,"skipped":0,"pct":90}}
,"/Users/andelarwanda/Anathole/Andela/portfolio-backend/src/documentantion/auth.js": {"lines":{"total":2,"covered":2,"skipped":0,"pct":100},"functions":{"total":0,"covered":0,"skipped":0,"pct":100},"statements":{"total":2,"covered":2,"skipped":0,"pct":100},"branches":{"total":0,"covered":0,"skipped":0,"pct":100}}
,"/Users/andelarwanda/Anathole/Andela/portfolio-backend/src/documentantion/blogs.js": {"lines":{"total":2,"covered":2,"skipped":0,"pct":100},"functions":{"total":0,"covered":0,"skipped":0,"pct":100},"statements":{"total":2,"covered":2,"skipped":0,"pct":100},"branches":{"total":0,"covered":0,"skipped":0,"pct":100}}
,"/Users/andelarwanda/Anathole/Andela/portfolio-backend/src/documentantion/categories.js": {"lines":{"total":2,"covered":2,"skipped":0,"pct":100},"functions":{"total":0,"covered":0,"skipped":0,"pct":100},"statements":{"total":2,"covered":2,"skipped":0,"pct":100},"branches":{"total":0,"covered":0,"skipped":0,"pct":100}}
,"/Users/andelarwanda/Anathole/Andela/portfolio-backend/src/documentantion/comments.js": {"lines":{"total":2,"covered":2,"skipped":0,"pct":100},"functions":{"total":0,"covered":0,"skipped":0,"pct":100},"statements":{"total":2,"covered":2,"skipped":0,"pct":100},"branches":{"total":0,"covered":0,"skipped":0,"pct":100}}
,"/Users/andelarwanda/Anathole/Andela/portfolio-backend/src/documentantion/contacts.js": {"lines":{"total":2,"covered":2,"skipped":0,"pct":100},"functions":{"total":0,"covered":0,"skipped":0,"pct":100},"statements":{"total":2,"covered":2,"skipped":0,"pct":100},"branches":{"total":0,"covered":0,"skipped":0,"pct":100}}
,"/Users/andelarwanda/Anathole/Andela/portfolio-backend/src/documentantion/index.js": {"lines":{"total":12,"covered":12,"skipped":0,"pct":100},"functions":{"total":1,"covered":1,"skipped":0,"pct":100},"statements":{"total":14,"covered":14,"skipped":0,"pct":100},"branches":{"total":2,"covered":2,"skipped":0,"pct":100}}
,"/Users/andelarwanda/Anathole/Andela/portfolio-backend/src/documentantion/user.js": {"lines":{"total":2,"covered":2,"skipped":0,"pct":100},"functions":{"total":0,"covered":0,"skipped":0,"pct":100},"statements":{"total":2,"covered":2,"skipped":0,"pct":100},"branches":{"total":4,"covered":2,"skipped":0,"pct":50}}
,"/Users/andelarwanda/Anathole/Andela/portfolio-backend/src/documentantion/schema/schemas.js": {"lines":{"total":2,"covered":2,"skipped":0,"pct":100},"functions":{"total":0,"covered":0,"skipped":0,"pct":100},"statements":{"total":2,"covered":2,"skipped":0,"pct":100},"branches":{"total":0,"covered":0,"skipped":0,"pct":100}}
,"/Users/andelarwanda/Anathole/Andela/portfolio-backend/src/middleware/allowedOrigins.js": {"lines":{"total":2,"covered":2,"skipped":0,"pct":100},"functions":{"total":0,"covered":0,"skipped":0,"pct":100},"statements":{"total":3,"covered":3,"skipped":0,"pct":100},"branches":{"total":0,"covered":0,"skipped":0,"pct":100}}
,"/Users/andelarwanda/Anathole/Andela/portfolio-backend/src/middleware/corsOptions.js": {"lines":{"total":6,"covered":3,"skipped":0,"pct":50},"functions":{"total":2,"covered":1,"skipped":0,"pct":50},"statements":{"total":7,"covered":4,"skipped":0,"pct":57.14},"branches":{"total":6,"covered":2,"skipped":0,"pct":33.33}}
,"/Users/andelarwanda/Anathole/Andela/portfolio-backend/src/middleware/verifyJWT.js": {"lines":{"total":13,"covered":13,"skipped":0,"pct":100},"functions":{"total":3,"covered":3,"skipped":0,"pct":100},"statements":{"total":17,"covered":17,"skipped":0,"pct":100},"branches":{"total":9,"covered":9,"skipped":0,"pct":100}}
,"/Users/andelarwanda/Anathole/Andela/portfolio-backend/src/middleware/verifyRoles.js": {"lines":{"total":7,"covered":2,"skipped":0,"pct":28.57},"functions":{"total":4,"covered":0,"skipped":0,"pct":0},"statements":{"total":13,"covered":3,"skipped":0,"pct":23.07},"branches":{"total":4,"covered":0,"skipped":0,"pct":0}}
,"/Users/andelarwanda/Anathole/Andela/portfolio-backend/src/models/Blog.js": {"lines":{"total":4,"covered":4,"skipped":0,"pct":100},"functions":{"total":1,"covered":1,"skipped":0,"pct":100},"statements":{"total":6,"covered":6,"skipped":0,"pct":100},"branches":{"total":2,"covered":2,"skipped":0,"pct":100}}
,"/Users/andelarwanda/Anathole/Andela/portfolio-backend/src/models/Category.js": {"lines":{"total":4,"covered":4,"skipped":0,"pct":100},"functions":{"total":1,"covered":1,"skipped":0,"pct":100},"statements":{"total":6,"covered":6,"skipped":0,"pct":100},"branches":{"total":2,"covered":2,"skipped":0,"pct":100}}
,"/Users/andelarwanda/Anathole/Andela/portfolio-backend/src/models/Comment.js": {"lines":{"total":4,"covered":4,"skipped":0,"pct":100},"functions":{"total":1,"covered":1,"skipped":0,"pct":100},"statements":{"total":6,"covered":6,"skipped":0,"pct":100},"branches":{"total":2,"covered":2,"skipped":0,"pct":100}}
,"/Users/andelarwanda/Anathole/Andela/portfolio-backend/src/models/Contact.js": {"lines":{"total":4,"covered":4,"skipped":0,"pct":100},"functions":{"total":1,"covered":1,"skipped":0,"pct":100},"statements":{"total":6,"covered":6,"skipped":0,"pct":100},"branches":{"total":2,"covered":2,"skipped":0,"pct":100}}
,"/Users/andelarwanda/Anathole/Andela/portfolio-backend/src/models/User.js": {"lines":{"total":4,"covered":4,"skipped":0,"pct":100},"functions":{"total":1,"covered":1,"skipped":0,"pct":100},"statements":{"total":6,"covered":6,"skipped":0,"pct":100},"branches":{"total":2,"covered":2,"skipped":0,"pct":100}}
,"/Users/andelarwanda/Anathole/Andela/portfolio-backend/src/routes/home.js": {"lines":{"total":5,"covered":4,"skipped":0,"pct":80},"functions":{"total":2,"covered":1,"skipped":0,"pct":50},"statements":{"total":6,"covered":5,"skipped":0,"pct":83.33},"branches":{"total":2,"covered":2,"skipped":0,"pct":100}}
,"/Users/andelarwanda/Anathole/Andela/portfolio-backend/src/routes/login.js": {"lines":{"total":5,"covered":5,"skipped":0,"pct":100},"functions":{"total":1,"covered":1,"skipped":0,"pct":100},"statements":{"total":6,"covered":6,"skipped":0,"pct":100},"branches":{"total":2,"covered":2,"skipped":0,"pct":100}}
,"/Users/andelarwanda/Anathole/Andela/portfolio-backend/src/routes/logout.js": {"lines":{"total":5,"covered":5,"skipped":0,"pct":100},"functions":{"total":1,"covered":1,"skipped":0,"pct":100},"statements":{"total":7,"covered":7,"skipped":0,"pct":100},"branches":{"total":2,"covered":2,"skipped":0,"pct":100}}
,"/Users/andelarwanda/Anathole/Andela/portfolio-backend/src/routes/register.js": {"lines":{"total":5,"covered":5,"skipped":0,"pct":100},"functions":{"total":1,"covered":1,"skipped":0,"pct":100},"statements":{"total":7,"covered":7,"skipped":0,"pct":100},"branches":{"total":2,"covered":2,"skipped":0,"pct":100}}
,"/Users/andelarwanda/Anathole/Andela/portfolio-backend/src/routes/api/blogs.js": {"lines":{"total":12,"covered":12,"skipped":0,"pct":100},"functions":{"total":1,"covered":1,"skipped":0,"pct":100},"statements":{"total":14,"covered":14,"skipped":0,"pct":100},"branches":{"total":2,"covered":2,"skipped":0,"pct":100}}
,"/Users/andelarwanda/Anathole/Andela/portfolio-backend/src/routes/api/categories.js": {"lines":{"total":10,"covered":10,"skipped":0,"pct":100},"functions":{"total":1,"covered":1,"skipped":0,"pct":100},"statements":{"total":12,"covered":12,"skipped":0,"pct":100},"branches":{"total":2,"covered":2,"skipped":0,"pct":100}}
,"/Users/andelarwanda/Anathole/Andela/portfolio-backend/src/routes/api/comments.js": {"lines":{"total":9,"covered":9,"skipped":0,"pct":100},"functions":{"total":1,"covered":1,"skipped":0,"pct":100},"statements":{"total":11,"covered":11,"skipped":0,"pct":100},"branches":{"total":2,"covered":2,"skipped":0,"pct":100}}
,"/Users/andelarwanda/Anathole/Andela/portfolio-backend/src/routes/api/contacts.js": {"lines":{"total":9,"covered":9,"skipped":0,"pct":100},"functions":{"total":1,"covered":1,"skipped":0,"pct":100},"statements":{"total":11,"covered":11,"skipped":0,"pct":100},"branches":{"total":2,"covered":2,"skipped":0,"pct":100}}
,"/Users/andelarwanda/Anathole/Andela/portfolio-backend/src/routes/api/users.js": {"lines":{"total":8,"covered":8,"skipped":0,"pct":100},"functions":{"total":1,"covered":1,"skipped":0,"pct":100},"statements":{"total":9,"covered":9,"skipped":0,"pct":100},"branches":{"total":2,"covered":2,"skipped":0,"pct":100}}
,"/Users/andelarwanda/Anathole/Andela/portfolio-backend/src/seeders/userSeeder.js": {"lines":{"total":2,"covered":2,"skipped":0,"pct":100},"functions":{"total":0,"covered":0,"skipped":0,"pct":100},"statements":{"total":3,"covered":3,"skipped":0,"pct":100},"branches":{"total":0,"covered":0,"skipped":0,"pct":100}}
}
